INFO 2025-10-23 11:38:43,770 autoreload 12720 6440 Watching for file changes with StatReloader
INFO 2025-10-23 11:38:43,847 autoreload 5884 12776 Watching for file changes with StatReloader
INFO 2025-10-23 11:38:44,293 autoreload 11056 10860 Watching for file changes with StatReloader
INFO 2025-10-23 11:38:44,827 autoreload 12296 12476 Watching for file changes with StatReloader
INFO 2025-10-23 11:40:54,463 autoreload 4432 11524 Watching for file changes with StatReloader
INFO 2025-10-23 11:48:09,329 autoreload 5884 12776 C:\Users\Dell\Downloads\ecom\ecommerce\ecommerce\ecommerce\settings.py changed, reloading.
INFO 2025-10-23 11:48:09,359 autoreload 4432 11524 C:\Users\Dell\Downloads\ecom\ecommerce\ecommerce\ecommerce\settings.py changed, reloading.
INFO 2025-10-23 11:48:09,369 autoreload 12296 12476 C:\Users\Dell\Downloads\ecom\ecommerce\ecommerce\ecommerce\settings.py changed, reloading.
INFO 2025-10-23 11:48:09,435 autoreload 11056 10860 C:\Users\Dell\Downloads\ecom\ecommerce\ecommerce\ecommerce\settings.py changed, reloading.
INFO 2025-10-23 11:48:11,673 autoreload 9712 12984 Watching for file changes with StatReloader
INFO 2025-10-23 11:48:11,689 autoreload 8932 5048 Watching for file changes with StatReloader
INFO 2025-10-23 11:48:11,742 autoreload 3796 9112 Watching for file changes with StatReloader
INFO 2025-10-23 11:48:11,951 autoreload 13100 11948 Watching for file changes with StatReloader
INFO 2025-10-23 11:54:38,343 autoreload 13100 11948 C:\Users\Dell\Downloads\ecom\ecommerce\ecommerce\ecommerce\settings.py changed, reloading.
INFO 2025-10-23 11:54:38,378 autoreload 9712 12984 C:\Users\Dell\Downloads\ecom\ecommerce\ecommerce\ecommerce\settings.py changed, reloading.
INFO 2025-10-23 11:54:38,395 autoreload 8932 5048 C:\Users\Dell\Downloads\ecom\ecommerce\ecommerce\ecommerce\settings.py changed, reloading.
INFO 2025-10-23 11:54:38,451 autoreload 3796 9112 C:\Users\Dell\Downloads\ecom\ecommerce\ecommerce\ecommerce\settings.py changed, reloading.
INFO 2025-10-23 11:54:40,980 autoreload 9716 12732 Watching for file changes with StatReloader
INFO 2025-10-23 11:54:41,012 autoreload 12388 13304 Watching for file changes with StatReloader
INFO 2025-10-23 11:54:41,122 autoreload 7856 11572 Watching for file changes with StatReloader
INFO 2025-10-23 11:54:41,776 autoreload 6528 7044 Watching for file changes with StatReloader
INFO 2025-10-23 11:56:02,122 autoreload 6528 7044 C:\Users\Dell\Downloads\ecom\ecommerce\ecommerce\shop\migrations\0005_auto_20251023_1154.py changed, reloading.
INFO 2025-10-23 11:56:02,196 autoreload 9716 12732 C:\Users\Dell\Downloads\ecom\ecommerce\ecommerce\shop\migrations\0005_auto_20251023_1154.py changed, reloading.
INFO 2025-10-23 11:56:02,186 autoreload 12388 13304 C:\Users\Dell\Downloads\ecom\ecommerce\ecommerce\shop\migrations\0005_auto_20251023_1154.py changed, reloading.
INFO 2025-10-23 11:56:02,196 autoreload 7856 11572 C:\Users\Dell\Downloads\ecom\ecommerce\ecommerce\shop\migrations\0005_auto_20251023_1154.py changed, reloading.
INFO 2025-10-23 11:56:04,231 autoreload 9640 468 Watching for file changes with StatReloader
INFO 2025-10-23 11:56:04,246 autoreload 7980 11912 Watching for file changes with StatReloader
INFO 2025-10-23 11:56:04,263 autoreload 5880 13232 Watching for file changes with StatReloader
INFO 2025-10-23 11:56:04,399 autoreload 10216 12920 Watching for file changes with StatReloader
INFO 2025-10-23 11:57:29,037 autoreload 10216 12920 C:\Users\Dell\Downloads\ecom\ecommerce\ecommerce\shop\migrations\0005_auto_20251023_1154.py changed, reloading.
INFO 2025-10-23 11:57:29,055 autoreload 5880 13232 C:\Users\Dell\Downloads\ecom\ecommerce\ecommerce\shop\migrations\0005_auto_20251023_1154.py changed, reloading.
INFO 2025-10-23 11:57:29,072 autoreload 9640 468 C:\Users\Dell\Downloads\ecom\ecommerce\ecommerce\shop\migrations\0005_auto_20251023_1154.py changed, reloading.
INFO 2025-10-23 11:57:29,072 autoreload 7980 11912 C:\Users\Dell\Downloads\ecom\ecommerce\ecommerce\shop\migrations\0005_auto_20251023_1154.py changed, reloading.
INFO 2025-10-23 11:57:30,918 autoreload 5888 7252 Watching for file changes with StatReloader
INFO 2025-10-23 11:57:30,918 autoreload 10280 12692 Watching for file changes with StatReloader
INFO 2025-10-23 11:57:31,006 autoreload 4116 12184 Watching for file changes with StatReloader
INFO 2025-10-23 11:57:31,165 autoreload 8972 12316 Watching for file changes with StatReloader
INFO 2025-10-23 20:51:19,067 autoreload 12444 10712 Watching for file changes with StatReloader
INFO 2025-10-23 20:51:28,659 basehttp 12444 11028 "GET / HTTP/1.1" 200 21684
INFO 2025-10-23 20:51:29,186 basehttp 12444 6132 "GET /static/css/order.css HTTP/1.1" 304 0
INFO 2025-10-23 20:51:29,188 basehttp 12444 12332 "GET /static/css/style.css HTTP/1.1" 304 0
INFO 2025-10-23 20:51:29,195 basehttp 12444 6132 "GET /media/products/Top_9_Hair_Care_Brands_in_India_For_Men_and_Women_1_x7hW9kP_yh5xxHt.jpg HTTP/1.1" 304 0
INFO 2025-10-23 20:51:38,915 basehttp 12444 14420 "GET /track-order/ HTTP/1.1" 200 17795
INFO 2025-10-23 20:52:00,322 basehttp 12444 10704 "GET /product/auraglow/ HTTP/1.1" 200 18567
INFO 2025-10-23 20:52:00,373 basehttp 12444 10704 "GET /media/products/WhatsApp_Image_2021-10-14_at_10_izt5HQ6.59.54_AM.webp HTTP/1.1" 304 0
INFO 2025-10-23 20:52:11,311 basehttp 12444 4684 "POST /cart/add/1/ HTTP/1.1" 302 0
INFO 2025-10-23 20:52:11,495 basehttp 12444 4684 "GET /cart/ HTTP/1.1" 200 20956
INFO 2025-10-23 20:52:15,051 basehttp 12444 4684 "GET /checkout/ HTTP/1.1" 200 23496
INFO 2025-10-23 20:52:50,315 basehttp 12444 10564 "POST /checkout/ HTTP/1.1" 302 0
INFO 2025-10-23 20:52:50,508 basehttp 12444 10564 "GET /checkout/ HTTP/1.1" 200 23788
INFO 2025-10-23 20:53:34,778 basehttp 12444 14000 "POST /checkout/ HTTP/1.1" 302 0
INFO 2025-10-23 20:53:34,906 basehttp 12444 14000 "GET /checkout/ HTTP/1.1" 200 23788
INFO 2025-10-23 20:59:29,206 basehttp 12444 11640 "GET /checkout/ HTTP/1.1" 200 23496
INFO 2025-10-24 10:05:21,446 autoreload 4936 4408 Watching for file changes with StatReloader
INFO 2025-10-24 10:05:26,384 basehttp 12444 10784 "GET / HTTP/1.1" 200 21684
INFO 2025-10-24 10:05:26,886 basehttp 12444 10784 "GET /static/css/order.css HTTP/1.1" 304 0
INFO 2025-10-24 10:05:26,899 basehttp 12444 15148 "GET /media/products/Top_9_Hair_Care_Brands_in_India_For_Men_and_Women_1_x7hW9kP_yh5xxHt.jpg HTTP/1.1" 304 0
INFO 2025-10-24 10:05:26,906 basehttp 12444 10784 "GET /static/css/style.css HTTP/1.1" 304 0
INFO 2025-10-24 10:05:34,734 basehttp 12444 12408 "GET /cart/ HTTP/1.1" 200 20956
INFO 2025-10-24 10:05:38,637 basehttp 12444 12408 "GET /checkout/ HTTP/1.1" 200 23496
INFO 2025-10-24 10:05:52,425 basehttp 12444 9096 "POST /checkout/ HTTP/1.1" 302 0
INFO 2025-10-24 10:05:52,536 basehttp 12444 9096 "GET /checkout/ HTTP/1.1" 200 23788
INFO 2025-10-24 10:06:10,996 basehttp 12444 9472 "GET /checkout/ HTTP/1.1" 200 23496
INFO 2025-10-24 10:06:52,832 basehttp 12444 4452 "GET / HTTP/1.1" 200 21684
INFO 2025-10-24 10:07:01,079 basehttp 12444 13924 "GET /product/auraglow/ HTTP/1.1" 200 18567
INFO 2025-10-24 10:07:01,115 basehttp 12444 13924 "GET /media/products/WhatsApp_Image_2021-10-14_at_10_izt5HQ6.59.54_AM.webp HTTP/1.1" 304 0
INFO 2025-10-24 10:07:04,495 basehttp 12444 13924 "POST /cart/add/1/ HTTP/1.1" 302 0
INFO 2025-10-24 10:07:04,714 basehttp 12444 13924 "GET /cart/ HTTP/1.1" 200 20957
INFO 2025-10-24 10:07:07,895 basehttp 12444 13924 "GET /checkout/ HTTP/1.1" 200 23499
INFO 2025-10-24 10:07:25,304 basehttp 12444 9432 "POST /checkout/ HTTP/1.1" 302 0
INFO 2025-10-24 10:07:25,414 basehttp 12444 9432 "GET /cart/ HTTP/1.1" 200 20957
INFO 2025-10-24 10:07:37,606 basehttp 12444 10104 "GET /track-order/ HTTP/1.1" 200 18235
INFO 2025-10-24 10:07:50,678 basehttp 12444 3352 "GET /cart/ HTTP/1.1" 200 20957
INFO 2025-10-24 10:07:56,113 basehttp 12444 11384 "GET /checkout/ HTTP/1.1" 200 23499
INFO 2025-10-24 10:08:06,943 basehttp 12444 12224 "POST /checkout/ HTTP/1.1" 302 0
INFO 2025-10-24 10:08:07,069 basehttp 12444 12224 "GET /cart/ HTTP/1.1" 200 20957
INFO 2025-10-24 10:08:13,789 basehttp 12444 8340 "GET /track-order/ HTTP/1.1" 200 18235
INFO 2025-10-24 10:08:21,478 basehttp 12444 6616 "POST /cart/add/1/ HTTP/1.1" 302 0
INFO 2025-10-24 10:08:21,589 basehttp 12444 6616 "GET /cart/ HTTP/1.1" 200 20956
INFO 2025-10-24 10:08:24,661 basehttp 12444 6616 "GET /checkout/ HTTP/1.1" 200 23496
INFO 2025-10-24 10:08:33,734 basehttp 12444 9448 "POST /checkout/ HTTP/1.1" 302 0
INFO 2025-10-24 10:08:33,838 basehttp 12444 9448 "GET /checkout/ HTTP/1.1" 200 23788
INFO 2025-10-24 10:10:59,890 basehttp 12444 9036 "POST /checkout/ HTTP/1.1" 302 0
INFO 2025-10-24 10:10:59,971 basehttp 12444 9036 "GET /checkout/ HTTP/1.1" 200 23788
INFO 2025-10-24 10:11:05,274 basehttp 12444 9036 "GET /checkout/ HTTP/1.1" 200 23496
INFO 2025-10-24 10:11:18,038 basehttp 12444 9036 "GET / HTTP/1.1" 200 21684
INFO 2025-10-24 10:11:33,141 basehttp 12444 9036 "GET /cart/ HTTP/1.1" 200 20956
INFO 2025-10-24 10:11:46,667 basehttp 12444 9036 "GET /track-order/ HTTP/1.1" 200 17795
ERROR 2025-10-24 10:11:52,021 log 12444 9036 Internal Server Error: /orders/
Traceback (most recent call last):
  File "C:\Users\Dell\AppData\Local\Programs\Python\Python312\Lib\site-packages\django\db\backends\utils.py", line 105, in _execute
    return self.cursor.execute(sql, params)
           ^^^^^^^^^^^^^^^^^^^^^^^^^^^^^^^^
psycopg2.errors.UndefinedColumn: column shop_order.subtotal does not exist
LINE 1: ...", "shop_order"."state", "shop_order"."zip_code", "shop_orde...
                                                             ^


The above exception was the direct cause of the following exception:

Traceback (most recent call last):
  File "C:\Users\Dell\AppData\Local\Programs\Python\Python312\Lib\site-packages\django\core\handlers\exception.py", line 55, in inner
    response = get_response(request)
               ^^^^^^^^^^^^^^^^^^^^^
  File "C:\Users\Dell\AppData\Local\Programs\Python\Python312\Lib\site-packages\django\core\handlers\base.py", line 197, in _get_response
    response = wrapped_callback(request, *callback_args, **callback_kwargs)
               ^^^^^^^^^^^^^^^^^^^^^^^^^^^^^^^^^^^^^^^^^^^^^^^^^^^^^^^^^^^^
  File "C:\Users\Dell\AppData\Local\Programs\Python\Python312\Lib\site-packages\django\contrib\auth\decorators.py", line 59, in _view_wrapper
    return view_func(request, *args, **kwargs)
           ^^^^^^^^^^^^^^^^^^^^^^^^^^^^^^^^^^^
  File "C:\Users\Dell\Downloads\ecom\ecommerce\ecommerce\shop\views.py", line 367, in order_list
    return render(request, 'shop/order_list.html', {'orders': orders})
           ^^^^^^^^^^^^^^^^^^^^^^^^^^^^^^^^^^^^^^^^^^^^^^^^^^^^^^^^^^^
  File "C:\Users\Dell\AppData\Local\Programs\Python\Python312\Lib\site-packages\django\shortcuts.py", line 25, in render
    content = loader.render_to_string(template_name, context, request, using=using)
              ^^^^^^^^^^^^^^^^^^^^^^^^^^^^^^^^^^^^^^^^^^^^^^^^^^^^^^^^^^^^^^^^^^^^^
  File "C:\Users\Dell\AppData\Local\Programs\Python\Python312\Lib\site-packages\django\template\loader.py", line 62, in render_to_string
    return template.render(context, request)
           ^^^^^^^^^^^^^^^^^^^^^^^^^^^^^^^^^
  File "C:\Users\Dell\AppData\Local\Programs\Python\Python312\Lib\site-packages\django\template\backends\django.py", line 107, in render
    return self.template.render(context)
           ^^^^^^^^^^^^^^^^^^^^^^^^^^^^^
  File "C:\Users\Dell\AppData\Local\Programs\Python\Python312\Lib\site-packages\django\template\base.py", line 171, in render
    return self._render(context)
           ^^^^^^^^^^^^^^^^^^^^^
  File "C:\Users\Dell\AppData\Local\Programs\Python\Python312\Lib\site-packages\django\template\base.py", line 163, in _render
    return self.nodelist.render(context)
           ^^^^^^^^^^^^^^^^^^^^^^^^^^^^^
  File "C:\Users\Dell\AppData\Local\Programs\Python\Python312\Lib\site-packages\django\template\base.py", line 1016, in render
    return SafeString("".join([node.render_annotated(context) for node in self]))
                               ^^^^^^^^^^^^^^^^^^^^^^^^^^^^^^
  File "C:\Users\Dell\AppData\Local\Programs\Python\Python312\Lib\site-packages\django\template\base.py", line 977, in render_annotated
    return self.render(context)
           ^^^^^^^^^^^^^^^^^^^^
  File "C:\Users\Dell\AppData\Local\Programs\Python\Python312\Lib\site-packages\django\template\loader_tags.py", line 159, in render
    return compiled_parent._render(context)
           ^^^^^^^^^^^^^^^^^^^^^^^^^^^^^^^^
  File "C:\Users\Dell\AppData\Local\Programs\Python\Python312\Lib\site-packages\django\template\base.py", line 163, in _render
    return self.nodelist.render(context)
           ^^^^^^^^^^^^^^^^^^^^^^^^^^^^^
  File "C:\Users\Dell\AppData\Local\Programs\Python\Python312\Lib\site-packages\django\template\base.py", line 1016, in render
    return SafeString("".join([node.render_annotated(context) for node in self]))
                               ^^^^^^^^^^^^^^^^^^^^^^^^^^^^^^
  File "C:\Users\Dell\AppData\Local\Programs\Python\Python312\Lib\site-packages\django\template\base.py", line 977, in render_annotated
    return self.render(context)
           ^^^^^^^^^^^^^^^^^^^^
  File "C:\Users\Dell\AppData\Local\Programs\Python\Python312\Lib\site-packages\django\template\loader_tags.py", line 65, in render
    result = block.nodelist.render(context)
             ^^^^^^^^^^^^^^^^^^^^^^^^^^^^^^
  File "C:\Users\Dell\AppData\Local\Programs\Python\Python312\Lib\site-packages\django\template\base.py", line 1016, in render
    return SafeString("".join([node.render_annotated(context) for node in self]))
                               ^^^^^^^^^^^^^^^^^^^^^^^^^^^^^^
  File "C:\Users\Dell\AppData\Local\Programs\Python\Python312\Lib\site-packages\django\template\base.py", line 977, in render_annotated
    return self.render(context)
           ^^^^^^^^^^^^^^^^^^^^
  File "C:\Users\Dell\AppData\Local\Programs\Python\Python312\Lib\site-packages\django\template\defaulttags.py", line 326, in render
    if match:
       ^^^^^
  File "C:\Users\Dell\AppData\Local\Programs\Python\Python312\Lib\site-packages\django\db\models\query.py", line 398, in __bool__
    self._fetch_all()
  File "C:\Users\Dell\AppData\Local\Programs\Python\Python312\Lib\site-packages\django\db\models\query.py", line 1949, in _fetch_all
    self._result_cache = list(self._iterable_class(self))
                         ^^^^^^^^^^^^^^^^^^^^^^^^^^^^^^^^
  File "C:\Users\Dell\AppData\Local\Programs\Python\Python312\Lib\site-packages\django\db\models\query.py", line 91, in __iter__
    results = compiler.execute_sql(
              ^^^^^^^^^^^^^^^^^^^^^
  File "C:\Users\Dell\AppData\Local\Programs\Python\Python312\Lib\site-packages\django\db\models\sql\compiler.py", line 1623, in execute_sql
    cursor.execute(sql, params)
  File "C:\Users\Dell\AppData\Local\Programs\Python\Python312\Lib\site-packages\django\db\backends\utils.py", line 122, in execute
    return super().execute(sql, params)
           ^^^^^^^^^^^^^^^^^^^^^^^^^^^^
  File "C:\Users\Dell\AppData\Local\Programs\Python\Python312\Lib\site-packages\django\db\backends\utils.py", line 79, in execute
    return self._execute_with_wrappers(
           ^^^^^^^^^^^^^^^^^^^^^^^^^^^^
  File "C:\Users\Dell\AppData\Local\Programs\Python\Python312\Lib\site-packages\django\db\backends\utils.py", line 92, in _execute_with_wrappers
    return executor(sql, params, many, context)
           ^^^^^^^^^^^^^^^^^^^^^^^^^^^^^^^^^^^^
  File "C:\Users\Dell\AppData\Local\Programs\Python\Python312\Lib\site-packages\django\db\backends\utils.py", line 100, in _execute
    with self.db.wrap_database_errors:
         ^^^^^^^^^^^^^^^^^^^^^^^^^^^^
  File "C:\Users\Dell\AppData\Local\Programs\Python\Python312\Lib\site-packages\django\db\utils.py", line 91, in __exit__
    raise dj_exc_value.with_traceback(traceback) from exc_value
  File "C:\Users\Dell\AppData\Local\Programs\Python\Python312\Lib\site-packages\django\db\backends\utils.py", line 105, in _execute
    return self.cursor.execute(sql, params)
           ^^^^^^^^^^^^^^^^^^^^^^^^^^^^^^^^
django.db.utils.ProgrammingError: column shop_order.subtotal does not exist
LINE 1: ...", "shop_order"."state", "shop_order"."zip_code", "shop_orde...
                                                             ^

ERROR 2025-10-24 10:11:52,033 basehttp 12444 9036 "GET /orders/ HTTP/1.1" 500 213459
WARNING 2025-10-24 10:11:52,289 basehttp 12444 9036 "GET /favicon.ico HTTP/1.1" 404 5716
INFO 2025-10-24 10:14:08,502 basehttp 12444 9036 "GET /checkout/ HTTP/1.1" 200 23496
INFO 2025-10-24 10:15:27,900 autoreload 7648 14780 Watching for file changes with StatReloader
INFO 2025-10-24 10:15:34,352 basehttp 12444 9408 "GET / HTTP/1.1" 200 21684
INFO 2025-10-24 10:15:50,491 basehttp 12444 13224 "GET /?search=&category=&brand=1&price_range=&sort_by= HTTP/1.1" 200 21684
INFO 2025-10-24 10:15:55,048 basehttp 12444 7288 "GET / HTTP/1.1" 200 21684
INFO 2025-10-24 10:16:14,010 basehttp 12444 14120 "GET / HTTP/1.1" 200 21684
INFO 2025-10-24 10:17:04,926 basehttp 12444 10616 "GET /cart/ HTTP/1.1" 200 20956
INFO 2025-10-24 10:17:09,472 basehttp 12444 14152 "GET /checkout/ HTTP/1.1" 200 23496
INFO 2025-10-24 10:17:31,533 basehttp 12444 14152 "POST /checkout/ HTTP/1.1" 302 0
INFO 2025-10-24 10:17:31,629 basehttp 12444 14152 "GET /checkout/ HTTP/1.1" 200 23788
INFO 2025-10-24 10:17:47,045 basehttp 12444 14152 "GET /track-order/ HTTP/1.1" 200 17795
INFO 2025-10-24 10:20:33,675 autoreload 4936 4408 C:\Users\Dell\Downloads\ecom\ecommerce\ecommerce\accounts\urls.py changed, reloading.
INFO 2025-10-24 10:20:33,693 autoreload 7648 14780 C:\Users\Dell\Downloads\ecom\ecommerce\ecommerce\accounts\urls.py changed, reloading.
INFO 2025-10-24 10:20:33,691 autoreload 12444 10712 C:\Users\Dell\Downloads\ecom\ecommerce\ecommerce\accounts\urls.py changed, reloading.
INFO 2025-10-24 10:20:35,996 autoreload 3748 4820 Watching for file changes with StatReloader
INFO 2025-10-24 10:20:36,113 autoreload 6028 1084 Watching for file changes with StatReloader
INFO 2025-10-24 10:20:36,230 autoreload 3940 13736 Watching for file changes with StatReloader
INFO 2025-10-24 10:21:06,973 autoreload 3940 13736 C:\Users\Dell\Downloads\ecom\ecommerce\ecommerce\accounts\urls.py changed, reloading.
INFO 2025-10-24 10:21:07,037 autoreload 3748 4820 C:\Users\Dell\Downloads\ecom\ecommerce\ecommerce\accounts\urls.py changed, reloading.
INFO 2025-10-24 10:21:07,052 autoreload 6028 1084 C:\Users\Dell\Downloads\ecom\ecommerce\ecommerce\accounts\urls.py changed, reloading.
INFO 2025-10-24 10:21:09,001 autoreload 4032 11484 Watching for file changes with StatReloader
INFO 2025-10-24 10:21:09,078 autoreload 4132 5240 Watching for file changes with StatReloader
INFO 2025-10-24 10:21:09,121 autoreload 12516 14676 Watching for file changes with StatReloader
INFO 2025-10-24 10:21:13,061 basehttp 4032 9700 "GET / HTTP/1.1" 200 21684
INFO 2025-10-24 10:21:15,747 basehttp 4032 9700 "GET / HTTP/1.1" 200 21684
INFO 2025-10-24 10:21:23,235 basehttp 4032 3288 "GET /cart/ HTTP/1.1" 200 20956
INFO 2025-10-24 10:21:26,161 basehttp 4032 3288 "GET /checkout/ HTTP/1.1" 200 23496
INFO 2025-10-24 10:21:34,255 basehttp 4032 14364 "POST /checkout/ HTTP/1.1" 302 0
INFO 2025-10-24 10:21:34,366 basehttp 4032 14364 "GET /checkout/ HTTP/1.1" 200 23788
INFO 2025-10-24 10:21:41,542 basehttp 4032 14364 "GET /cart/ HTTP/1.1" 200 20956
INFO 2025-10-24 10:21:44,641 basehttp 4032 15136 "GET /accounts/logout/ HTTP/1.1" 302 0
INFO 2025-10-24 10:21:44,773 basehttp 4032 15136 "GET / HTTP/1.1" 200 20258
INFO 2025-10-24 10:21:47,660 basehttp 4032 15136 "GET /accounts/login/ HTTP/1.1" 200 18991
INFO 2025-10-24 10:22:13,157 basehttp 4032 14228 "POST /accounts/login/ HTTP/1.1" 302 0
INFO 2025-10-24 10:22:13,292 basehttp 4032 14228 "GET / HTTP/1.1" 200 21674
INFO 2025-10-24 10:22:20,585 basehttp 4032 1900 "GET /product/auraglow/ HTTP/1.1" 200 18557
INFO 2025-10-24 10:22:23,276 basehttp 4032 1900 "POST /cart/add/1/ HTTP/1.1" 302 0
INFO 2025-10-24 10:22:23,629 basehttp 4032 1900 "GET /cart/ HTTP/1.1" 200 20943
INFO 2025-10-24 10:22:26,355 basehttp 4032 1900 "GET /checkout/ HTTP/1.1" 200 23450
INFO 2025-10-24 10:22:41,198 basehttp 4032 13620 "POST /checkout/ HTTP/1.1" 302 0
INFO 2025-10-24 10:22:41,354 basehttp 4032 13620 "GET /checkout/ HTTP/1.1" 200 23742
INFO 2025-10-24 10:28:14,064 autoreload 12580 6940 Watching for file changes with StatReloader
INFO 2025-10-24 10:28:34,936 basehttp 4032 7516 "GET / HTTP/1.1" 200 21674
INFO 2025-10-24 10:28:42,805 basehttp 4032 7516 "GET /product/auraglow/ HTTP/1.1" 200 18557
INFO 2025-10-24 10:28:45,610 basehttp 4032 7516 "POST /cart/add/1/ HTTP/1.1" 302 0
INFO 2025-10-24 10:28:45,702 basehttp 4032 7516 "GET /cart/ HTTP/1.1" 200 20943
INFO 2025-10-24 10:28:50,941 basehttp 4032 10840 "GET /checkout/ HTTP/1.1" 200 23450
INFO 2025-10-24 10:29:04,554 basehttp 4032 7008 "POST /checkout/ HTTP/1.1" 302 0
INFO 2025-10-24 10:29:04,650 basehttp 4032 7008 "GET /checkout/ HTTP/1.1" 200 23742
INFO 2025-10-24 10:31:48,344 basehttp 4032 2384 "POST /checkout/ HTTP/1.1" 302 0
INFO 2025-10-24 10:31:48,566 basehttp 4032 2384 "GET /checkout/ HTTP/1.1" 200 23742
INFO 2025-10-24 10:32:47,262 basehttp 4032 2384 "GET / HTTP/1.1" 200 21674
INFO 2025-10-24 10:32:52,680 basehttp 4032 2384 "GET /product/auraglow/ HTTP/1.1" 200 18557
INFO 2025-10-24 10:32:55,565 basehttp 4032 2384 "POST /cart/add/1/ HTTP/1.1" 302 0
INFO 2025-10-24 10:32:55,664 basehttp 4032 2384 "GET /cart/ HTTP/1.1" 200 20946
INFO 2025-10-24 10:32:58,147 basehttp 4032 2384 "GET /checkout/ HTTP/1.1" 200 23454
INFO 2025-10-24 10:33:10,698 basehttp 4032 2384 "POST /checkout/ HTTP/1.1" 302 0
INFO 2025-10-24 10:33:10,794 basehttp 4032 2384 "GET /checkout/ HTTP/1.1" 200 23746
INFO 2025-10-24 10:33:43,626 basehttp 4032 2384 "GET /checkout/ HTTP/1.1" 200 23454
INFO 2025-10-24 10:33:44,665 basehttp 4032 2384 "GET /checkout/ HTTP/1.1" 200 23454
INFO 2025-10-24 10:33:45,634 basehttp 4032 2384 "GET /checkout/ HTTP/1.1" 200 23454
INFO 2025-10-24 10:33:46,008 basehttp 4032 2384 "GET /checkout/ HTTP/1.1" 200 23454
INFO 2025-10-24 10:33:46,500 basehttp 4032 2384 "GET /checkout/ HTTP/1.1" 200 23454
INFO 2025-10-24 10:35:04,670 basehttp 4032 6508 "GET / HTTP/1.1" 200 21674
INFO 2025-10-24 10:35:08,880 basehttp 4032 6508 "GET /product/auraglow/ HTTP/1.1" 200 18557
INFO 2025-10-24 10:35:11,006 basehttp 4032 6508 "POST /cart/add/1/ HTTP/1.1" 302 0
INFO 2025-10-24 10:35:11,090 basehttp 4032 6508 "GET /cart/ HTTP/1.1" 200 20946
INFO 2025-10-24 10:35:15,556 basehttp 4032 6508 "GET /checkout/ HTTP/1.1" 200 23454
INFO 2025-10-24 10:41:31,101 basehttp 4032 984 "POST /checkout/ HTTP/1.1" 302 0
INFO 2025-10-24 10:41:31,190 basehttp 4032 984 "GET /checkout/ HTTP/1.1" 200 23746
INFO 2025-10-24 10:42:34,379 basehttp 4032 984 "GET /cart/ HTTP/1.1" 200 20946
INFO 2025-10-24 10:42:36,971 basehttp 4032 984 "GET /checkout/ HTTP/1.1" 200 23454
INFO 2025-10-24 10:42:56,618 basehttp 4032 984 "POST /checkout/ HTTP/1.1" 302 0
INFO 2025-10-24 10:42:56,729 basehttp 4032 984 "GET /checkout/ HTTP/1.1" 200 23746
INFO 2025-10-24 10:43:39,290 autoreload 7056 4080 Watching for file changes with StatReloader
INFO 2025-10-24 10:43:45,890 basehttp 4032 13728 "GET / HTTP/1.1" 200 21674
INFO 2025-10-24 10:43:49,081 basehttp 4032 14652 "GET /product/auraglow/ HTTP/1.1" 200 18557
INFO 2025-10-24 10:43:52,053 basehttp 4032 7796 "POST /cart/add/1/ HTTP/1.1" 302 0
INFO 2025-10-24 10:43:52,193 basehttp 4032 7796 "GET /cart/ HTTP/1.1" 200 20946
INFO 2025-10-24 10:44:03,082 basehttp 4032 4084 "GET /checkout/ HTTP/1.1" 200 23454
INFO 2025-10-24 10:44:17,334 basehttp 4032 12652 "POST /checkout/ HTTP/1.1" 302 0
INFO 2025-10-24 10:44:17,450 basehttp 4032 12652 "GET /checkout/ HTTP/1.1" 200 23746
INFO 2025-10-24 10:45:35,096 basehttp 4032 3468 "POST /checkout/ HTTP/1.1" 200 24555
INFO 2025-10-24 10:45:53,096 basehttp 4032 12088 "POST /checkout/ HTTP/1.1" 302 0
INFO 2025-10-24 10:45:53,177 basehttp 4032 12088 "GET /checkout/ HTTP/1.1" 200 23746
INFO 2025-10-24 10:52:17,407 autoreload 11668 2620 Watching for file changes with StatReloader
INFO 2025-10-24 10:52:28,252 basehttp 11668 13056 "GET / HTTP/1.1" 200 21674
INFO 2025-10-24 10:52:35,908 basehttp 11668 14012 "GET /admin/ HTTP/1.1" 200 11818
WARNING 2025-10-24 10:52:36,235 basehttp 11668 14012 "GET /favicon.ico HTTP/1.1" 404 5716
INFO 2025-10-24 10:52:40,792 basehttp 11668 14012 "GET /admin/shop/product/ HTTP/1.1" 200 14889
INFO 2025-10-24 10:52:41,044 basehttp 11668 14012 "GET /admin/jsi18n/ HTTP/1.1" 200 3342
INFO 2025-10-24 10:52:44,343 basehttp 11668 14012 "GET /admin/shop/product/1/change/ HTTP/1.1" 200 23406
INFO 2025-10-24 10:52:44,502 basehttp 11668 14012 "GET /admin/jsi18n/ HTTP/1.1" 200 3342
INFO 2025-10-24 10:52:44,761 basehttp 11668 14012 "GET /static/admin/img/tooltag-arrowright.svg HTTP/1.1" 200 280
INFO 2025-10-24 10:55:34,699 autoreload 11668 2620 C:\Users\Dell\Downloads\ecom\ecommerce\ecommerce\shop\views.py changed, reloading.
INFO 2025-10-24 10:55:37,144 autoreload 13888 11724 Watching for file changes with StatReloader
INFO 2025-10-24 10:55:53,295 autoreload 13888 11724 C:\Users\Dell\Downloads\ecom\ecommerce\ecommerce\shop\views.py changed, reloading.
INFO 2025-10-24 10:55:54,736 autoreload 6452 9976 Watching for file changes with StatReloader
INFO 2025-10-24 10:56:12,045 autoreload 6452 9976 C:\Users\Dell\Downloads\ecom\ecommerce\ecommerce\shop\views.py changed, reloading.
INFO 2025-10-24 10:56:13,617 autoreload 2436 5608 Watching for file changes with StatReloader
INFO 2025-10-24 10:56:29,509 autoreload 2436 5608 C:\Users\Dell\Downloads\ecom\ecommerce\ecommerce\shop\views.py changed, reloading.
INFO 2025-10-24 10:56:32,149 autoreload 8624 10864 Watching for file changes with StatReloader
INFO 2025-10-24 10:56:52,933 autoreload 8624 10864 C:\Users\Dell\Downloads\ecom\ecommerce\ecommerce\shop\views.py changed, reloading.
INFO 2025-10-24 10:56:55,166 autoreload 4956 6004 Watching for file changes with StatReloader
INFO 2025-10-24 10:57:16,795 autoreload 4956 6004 C:\Users\Dell\Downloads\ecom\ecommerce\ecommerce\shop\views.py changed, reloading.
INFO 2025-10-24 10:57:18,677 autoreload 12184 9744 Watching for file changes with StatReloader
INFO 2025-10-24 10:57:45,396 autoreload 12184 9744 C:\Users\Dell\Downloads\ecom\ecommerce\ecommerce\shop\views.py changed, reloading.
INFO 2025-10-24 10:57:46,739 autoreload 12492 11080 Watching for file changes with StatReloader
INFO 2025-10-24 10:57:53,548 basehttp 12492 10360 "GET / HTTP/1.1" 200 21674
INFO 2025-10-24 10:58:01,646 basehttp 12492 10360 "GET /product/auraglow/ HTTP/1.1" 200 18557
INFO 2025-10-24 10:58:03,979 basehttp 12492 10360 "POST /cart/add/1/ HTTP/1.1" 302 0
INFO 2025-10-24 10:58:04,081 basehttp 12492 10360 "GET /cart/ HTTP/1.1" 200 20946
INFO 2025-10-24 10:58:06,583 basehttp 12492 10360 "GET /checkout/ HTTP/1.1" 200 23454
INFO 2025-10-24 10:58:21,835 basehttp 12492 10360 "POST /checkout/ HTTP/1.1" 302 0
INFO 2025-10-24 10:58:22,044 basehttp 12492 10360 "GET /checkout/ HTTP/1.1" 200 23746
INFO 2025-10-24 10:59:36,021 autoreload 11668 12172 Watching for file changes with StatReloader
INFO 2025-10-24 10:59:43,012 basehttp 12492 10360 "GET / HTTP/1.1" 200 21674
INFO 2025-10-24 10:59:50,653 basehttp 12492 8988 "GET /product/auraglow/ HTTP/1.1" 200 18557
INFO 2025-10-24 10:59:54,457 basehttp 12492 8988 "POST /cart/add/1/ HTTP/1.1" 302 0
INFO 2025-10-24 10:59:54,555 basehttp 12492 8988 "GET /cart/ HTTP/1.1" 200 20946
INFO 2025-10-24 11:00:00,932 basehttp 12492 8988 "POST /cart/add/1/ HTTP/1.1" 302 0
INFO 2025-10-24 11:00:01,022 basehttp 12492 8988 "GET /cart/ HTTP/1.1" 200 20946
INFO 2025-10-24 11:00:04,150 basehttp 12492 8988 "GET /checkout/ HTTP/1.1" 200 23454
INFO 2025-10-24 11:00:14,228 basehttp 12492 8988 "POST /checkout/ HTTP/1.1" 302 0
INFO 2025-10-24 11:00:14,322 basehttp 12492 8988 "GET /checkout/ HTTP/1.1" 200 23746
INFO 2025-10-24 11:03:08,823 autoreload 12492 11080 C:\Users\Dell\Downloads\ecom\ecommerce\ecommerce\shop\views.py changed, reloading.
INFO 2025-10-24 11:03:09,133 autoreload 11668 12172 C:\Users\Dell\Downloads\ecom\ecommerce\ecommerce\shop\views.py changed, reloading.
INFO 2025-10-24 11:03:11,420 autoreload 14760 12988 Watching for file changes with StatReloader
INFO 2025-10-24 11:03:11,529 autoreload 6940 12512 Watching for file changes with StatReloader
INFO 2025-10-24 11:04:28,704 autoreload 6940 12512 C:\Users\Dell\Downloads\ecom\ecommerce\ecommerce\shop\views.py changed, reloading.
INFO 2025-10-24 11:04:28,755 autoreload 14760 12988 C:\Users\Dell\Downloads\ecom\ecommerce\ecommerce\shop\views.py changed, reloading.
INFO 2025-10-24 11:04:30,257 autoreload 13872 12312 Watching for file changes with StatReloader
INFO 2025-10-24 11:04:30,257 autoreload 2148 8432 Watching for file changes with StatReloader
INFO 2025-10-24 11:04:46,424 autoreload 13228 6236 Watching for file changes with StatReloader
INFO 2025-10-24 11:04:50,221 basehttp 13872 12932 "GET / HTTP/1.1" 200 21674
INFO 2025-10-24 11:04:55,310 basehttp 13872 12932 "GET /cart/ HTTP/1.1" 200 20946
INFO 2025-10-24 11:04:58,395 basehttp 13872 1244 "GET /checkout/ HTTP/1.1" 200 23454
INFO 2025-10-24 11:05:18,155 basehttp 13872 1244 "POST /checkout/ HTTP/1.1" 302 0
INFO 2025-10-24 11:05:18,243 basehttp 13872 1244 "GET /checkout/ HTTP/1.1" 200 23746
INFO 2025-10-24 18:30:52,393 autoreload 16900 7160 Watching for file changes with StatReloader
INFO 2025-10-24 18:36:01,348 autoreload 16900 7160 C:\Users\Dell\Downloads\ecom\ecommerce\ecommerce\shop\views.py changed, reloading.
INFO 2025-10-24 18:36:03,408 autoreload 16672 8528 Watching for file changes with StatReloader
INFO 2025-10-24 18:37:11,361 autoreload 16672 8528 C:\Users\Dell\Downloads\ecom\ecommerce\ecommerce\shop\views.py changed, reloading.
INFO 2025-10-24 18:37:12,797 autoreload 1644 11340 Watching for file changes with StatReloader
INFO 2025-10-24 20:56:55,721 autoreload 5220 13416 Watching for file changes with StatReloader
INFO 2025-10-24 20:58:23,932 autoreload 5220 13416 C:\Users\Dell\Downloads\ecom\ecommerce\ecommerce\shop\views.py changed, reloading.
INFO 2025-10-24 20:58:28,420 autoreload 12212 10460 Watching for file changes with StatReloader
INFO 2025-10-24 20:58:37,192 autoreload 12212 10460 C:\Users\Dell\Downloads\ecom\ecommerce\ecommerce\shop\views.py changed, reloading.
INFO 2025-10-24 20:58:40,074 autoreload 16572 11120 Watching for file changes with StatReloader
INFO 2025-10-24 20:58:56,131 autoreload 236 1068 Watching for file changes with StatReloader
INFO 2025-10-24 21:05:35,852 autoreload 16572 11120 C:\Users\Dell\Downloads\ecom\ecommerce\ecommerce\shop\views.py changed, reloading.
INFO 2025-10-24 21:05:36,880 autoreload 236 1068 C:\Users\Dell\Downloads\ecom\ecommerce\ecommerce\shop\views.py changed, reloading.
INFO 2025-10-24 21:05:37,620 autoreload 7360 2656 Watching for file changes with StatReloader
INFO 2025-10-24 21:05:38,371 autoreload 15308 4796 Watching for file changes with StatReloader
INFO 2025-10-24 21:06:19,415 autoreload 7128 16324 Watching for file changes with StatReloader
INFO 2025-10-24 21:11:51,375 autoreload 7128 16324 C:\Users\Dell\Downloads\ecom\ecommerce\ecommerce\shop\views.py changed, reloading.
INFO 2025-10-24 21:11:51,410 autoreload 7360 2656 C:\Users\Dell\Downloads\ecom\ecommerce\ecommerce\shop\views.py changed, reloading.
INFO 2025-10-24 21:11:54,246 autoreload 5664 3816 Watching for file changes with StatReloader
INFO 2025-10-24 21:11:54,284 autoreload 11328 9884 Watching for file changes with StatReloader
INFO 2025-10-24 21:12:46,154 autoreload 16552 14844 Watching for file changes with StatReloader
INFO 2025-10-24 21:12:54,282 basehttp 11328 2064 "GET / HTTP/1.1" 200 21674
INFO 2025-10-24 21:12:54,453 basehttp 11328 10900 "GET /static/logo/logo.png HTTP/1.1" 304 0
INFO 2025-10-24 21:12:54,456 basehttp 11328 1952 "GET /static/css/order.css HTTP/1.1" 304 0
INFO 2025-10-24 21:12:54,456 basehttp 11328 1948 "GET /static/css/style.css HTTP/1.1" 304 0
INFO 2025-10-24 21:12:54,458 basehttp 11328 7396 "GET /media/products/Top_9_Hair_Care_Brands_in_India_For_Men_and_Women_1_x7hW9kP_yh5xxHt.jpg HTTP/1.1" 304 0
INFO 2025-10-24 21:13:02,845 basehttp 11328 7272 "GET /product/auraglow/ HTTP/1.1" 200 18557
INFO 2025-10-24 21:13:02,897 basehttp 11328 7272 "GET /media/products/WhatsApp_Image_2021-10-14_at_10_izt5HQ6.59.54_AM.webp HTTP/1.1" 304 0
INFO 2025-10-24 21:13:06,797 basehttp 11328 11524 "POST /cart/add/1/ HTTP/1.1" 302 0
INFO 2025-10-24 21:13:06,931 basehttp 11328 11524 "GET /cart/ HTTP/1.1" 200 20946
INFO 2025-10-24 21:13:10,347 basehttp 11328 11524 "GET /checkout/ HTTP/1.1" 200 23454
INFO 2025-10-24 21:13:23,919 basehttp 11328 6584 "POST /checkout/ HTTP/1.1" 302 0
INFO 2025-10-24 21:13:24,053 basehttp 11328 6584 "GET /checkout/ HTTP/1.1" 200 23748
INFO 2025-10-24 21:13:30,391 basehttp 11328 15492 "GET /track-order/ HTTP/1.1" 200 17785
INFO 2025-10-24 21:13:39,494 basehttp 11328 12488 "GET /track-order/ HTTP/1.1" 200 17785
ERROR 2025-10-24 21:13:45,594 log 11328 12488 Internal Server Error: /orders/
Traceback (most recent call last):
  File "C:\Users\Dell\AppData\Local\Programs\Python\Python312\Lib\site-packages\django\db\backends\utils.py", line 105, in _execute
    return self.cursor.execute(sql, params)
           ^^^^^^^^^^^^^^^^^^^^^^^^^^^^^^^^
psycopg2.errors.UndefinedColumn: column shop_order.shipping_method does not exist
LINE 1: ...cking_number", "shop_order"."estimated_delivery", "shop_orde...
                                                             ^


The above exception was the direct cause of the following exception:

Traceback (most recent call last):
  File "C:\Users\Dell\AppData\Local\Programs\Python\Python312\Lib\site-packages\django\core\handlers\exception.py", line 55, in inner
    response = get_response(request)
               ^^^^^^^^^^^^^^^^^^^^^
  File "C:\Users\Dell\AppData\Local\Programs\Python\Python312\Lib\site-packages\django\core\handlers\base.py", line 197, in _get_response
    response = wrapped_callback(request, *callback_args, **callback_kwargs)
               ^^^^^^^^^^^^^^^^^^^^^^^^^^^^^^^^^^^^^^^^^^^^^^^^^^^^^^^^^^^^
  File "C:\Users\Dell\AppData\Local\Programs\Python\Python312\Lib\site-packages\django\contrib\auth\decorators.py", line 59, in _view_wrapper
    return view_func(request, *args, **kwargs)
           ^^^^^^^^^^^^^^^^^^^^^^^^^^^^^^^^^^^
  File "C:\Users\Dell\Downloads\ecom\ecommerce\ecommerce\shop\views.py", line 341, in order_list
    return render(request, 'shop/order_list.html', {'orders': orders})
           ^^^^^^^^^^^^^^^^^^^^^^^^^^^^^^^^^^^^^^^^^^^^^^^^^^^^^^^^^^^
  File "C:\Users\Dell\AppData\Local\Programs\Python\Python312\Lib\site-packages\django\shortcuts.py", line 25, in render
    content = loader.render_to_string(template_name, context, request, using=using)
              ^^^^^^^^^^^^^^^^^^^^^^^^^^^^^^^^^^^^^^^^^^^^^^^^^^^^^^^^^^^^^^^^^^^^^
  File "C:\Users\Dell\AppData\Local\Programs\Python\Python312\Lib\site-packages\django\template\loader.py", line 62, in render_to_string
    return template.render(context, request)
           ^^^^^^^^^^^^^^^^^^^^^^^^^^^^^^^^^
  File "C:\Users\Dell\AppData\Local\Programs\Python\Python312\Lib\site-packages\django\template\backends\django.py", line 107, in render
    return self.template.render(context)
           ^^^^^^^^^^^^^^^^^^^^^^^^^^^^^
  File "C:\Users\Dell\AppData\Local\Programs\Python\Python312\Lib\site-packages\django\template\base.py", line 171, in render
    return self._render(context)
           ^^^^^^^^^^^^^^^^^^^^^
  File "C:\Users\Dell\AppData\Local\Programs\Python\Python312\Lib\site-packages\django\template\base.py", line 163, in _render
    return self.nodelist.render(context)
           ^^^^^^^^^^^^^^^^^^^^^^^^^^^^^
  File "C:\Users\Dell\AppData\Local\Programs\Python\Python312\Lib\site-packages\django\template\base.py", line 1016, in render
    return SafeString("".join([node.render_annotated(context) for node in self]))
                               ^^^^^^^^^^^^^^^^^^^^^^^^^^^^^^
  File "C:\Users\Dell\AppData\Local\Programs\Python\Python312\Lib\site-packages\django\template\base.py", line 977, in render_annotated
    return self.render(context)
           ^^^^^^^^^^^^^^^^^^^^
  File "C:\Users\Dell\AppData\Local\Programs\Python\Python312\Lib\site-packages\django\template\loader_tags.py", line 159, in render
    return compiled_parent._render(context)
           ^^^^^^^^^^^^^^^^^^^^^^^^^^^^^^^^
  File "C:\Users\Dell\AppData\Local\Programs\Python\Python312\Lib\site-packages\django\template\base.py", line 163, in _render
    return self.nodelist.render(context)
           ^^^^^^^^^^^^^^^^^^^^^^^^^^^^^
  File "C:\Users\Dell\AppData\Local\Programs\Python\Python312\Lib\site-packages\django\template\base.py", line 1016, in render
    return SafeString("".join([node.render_annotated(context) for node in self]))
                               ^^^^^^^^^^^^^^^^^^^^^^^^^^^^^^
  File "C:\Users\Dell\AppData\Local\Programs\Python\Python312\Lib\site-packages\django\template\base.py", line 977, in render_annotated
    return self.render(context)
           ^^^^^^^^^^^^^^^^^^^^
  File "C:\Users\Dell\AppData\Local\Programs\Python\Python312\Lib\site-packages\django\template\loader_tags.py", line 65, in render
    result = block.nodelist.render(context)
             ^^^^^^^^^^^^^^^^^^^^^^^^^^^^^^
  File "C:\Users\Dell\AppData\Local\Programs\Python\Python312\Lib\site-packages\django\template\base.py", line 1016, in render
    return SafeString("".join([node.render_annotated(context) for node in self]))
                               ^^^^^^^^^^^^^^^^^^^^^^^^^^^^^^
  File "C:\Users\Dell\AppData\Local\Programs\Python\Python312\Lib\site-packages\django\template\base.py", line 977, in render_annotated
    return self.render(context)
           ^^^^^^^^^^^^^^^^^^^^
  File "C:\Users\Dell\AppData\Local\Programs\Python\Python312\Lib\site-packages\django\template\defaulttags.py", line 326, in render
    if match:
       ^^^^^
  File "C:\Users\Dell\AppData\Local\Programs\Python\Python312\Lib\site-packages\django\db\models\query.py", line 398, in __bool__
    self._fetch_all()
  File "C:\Users\Dell\AppData\Local\Programs\Python\Python312\Lib\site-packages\django\db\models\query.py", line 1949, in _fetch_all
    self._result_cache = list(self._iterable_class(self))
                         ^^^^^^^^^^^^^^^^^^^^^^^^^^^^^^^^
  File "C:\Users\Dell\AppData\Local\Programs\Python\Python312\Lib\site-packages\django\db\models\query.py", line 91, in __iter__
    results = compiler.execute_sql(
              ^^^^^^^^^^^^^^^^^^^^^
  File "C:\Users\Dell\AppData\Local\Programs\Python\Python312\Lib\site-packages\django\db\models\sql\compiler.py", line 1623, in execute_sql
    cursor.execute(sql, params)
  File "C:\Users\Dell\AppData\Local\Programs\Python\Python312\Lib\site-packages\django\db\backends\utils.py", line 122, in execute
    return super().execute(sql, params)
           ^^^^^^^^^^^^^^^^^^^^^^^^^^^^
  File "C:\Users\Dell\AppData\Local\Programs\Python\Python312\Lib\site-packages\django\db\backends\utils.py", line 79, in execute
    return self._execute_with_wrappers(
           ^^^^^^^^^^^^^^^^^^^^^^^^^^^^
  File "C:\Users\Dell\AppData\Local\Programs\Python\Python312\Lib\site-packages\django\db\backends\utils.py", line 92, in _execute_with_wrappers
    return executor(sql, params, many, context)
           ^^^^^^^^^^^^^^^^^^^^^^^^^^^^^^^^^^^^
  File "C:\Users\Dell\AppData\Local\Programs\Python\Python312\Lib\site-packages\django\db\backends\utils.py", line 100, in _execute
    with self.db.wrap_database_errors:
         ^^^^^^^^^^^^^^^^^^^^^^^^^^^^
  File "C:\Users\Dell\AppData\Local\Programs\Python\Python312\Lib\site-packages\django\db\utils.py", line 91, in __exit__
    raise dj_exc_value.with_traceback(traceback) from exc_value
  File "C:\Users\Dell\AppData\Local\Programs\Python\Python312\Lib\site-packages\django\db\backends\utils.py", line 105, in _execute
    return self.cursor.execute(sql, params)
           ^^^^^^^^^^^^^^^^^^^^^^^^^^^^^^^^
django.db.utils.ProgrammingError: column shop_order.shipping_method does not exist
LINE 1: ...cking_number", "shop_order"."estimated_delivery", "shop_orde...
                                                             ^

ERROR 2025-10-24 21:13:45,616 basehttp 11328 12488 "GET /orders/ HTTP/1.1" 500 213154
WARNING 2025-10-24 21:13:45,882 basehttp 11328 12488 "GET /favicon.ico HTTP/1.1" 404 5716
INFO 2025-10-24 21:13:59,356 basehttp 11328 10048 "GET /checkout/ HTTP/1.1" 200 23454
INFO 2025-10-24 21:14:11,318 basehttp 11328 15772 "POST /cart/add/1/ HTTP/1.1" 302 0
INFO 2025-10-24 21:14:11,464 basehttp 11328 15772 "GET /cart/ HTTP/1.1" 200 20946
INFO 2025-10-24 21:14:14,735 basehttp 11328 15772 "GET /checkout/ HTTP/1.1" 200 23454
INFO 2025-10-24 21:14:32,326 basehttp 11328 5372 "POST /checkout/ HTTP/1.1" 302 0
INFO 2025-10-24 21:14:32,421 basehttp 11328 5372 "GET /checkout/ HTTP/1.1" 200 23748
INFO 2025-10-24 21:16:37,656 autoreload 10636 10352 Watching for file changes with StatReloader
INFO 2025-10-24 21:18:16,999 basehttp 11328 11596 "GET / HTTP/1.1" 200 23794
INFO 2025-10-24 21:18:22,362 basehttp 11328 15864 "GET /product/test-product/ HTTP/1.1" 200 18185
INFO 2025-10-24 21:18:26,106 basehttp 11328 15864 "POST /cart/add/3/ HTTP/1.1" 302 0
INFO 2025-10-24 21:18:26,219 basehttp 11328 15864 "GET /cart/ HTTP/1.1" 200 23806
INFO 2025-10-24 21:18:31,792 basehttp 11328 8712 "GET /checkout/ HTTP/1.1" 200 23816
INFO 2025-10-24 21:18:51,527 basehttp 11328 14420 "POST /checkout/ HTTP/1.1" 302 0
INFO 2025-10-24 21:18:51,628 basehttp 11328 14420 "GET /checkout/ HTTP/1.1" 200 24110
INFO 2025-10-25 11:13:29,568 autoreload 17020 11636 Watching for file changes with StatReloader
INFO 2025-10-25 11:13:36,411 basehttp 17020 15324 "GET / HTTP/1.1" 200 23794
INFO 2025-10-25 11:13:36,821 basehttp 17020 14260 "GET /static/css/style.css HTTP/1.1" 304 0
INFO 2025-10-25 11:13:36,822 basehttp 17020 15324 "GET /static/css/order.css HTTP/1.1" 304 0
INFO 2025-10-25 11:13:36,951 basehttp 17020 15324 "GET /media/products/Top_9_Hair_Care_Brands_in_India_For_Men_and_Women_1_x7hW9kP_yh5xxHt.jpg HTTP/1.1" 304 0
INFO 2025-10-25 11:13:43,129 basehttp 17020 13460 "GET /product/test-product/ HTTP/1.1" 200 18185
INFO 2025-10-25 11:13:47,427 basehttp 17020 11776 "POST /cart/add/3/ HTTP/1.1" 302 0
INFO 2025-10-25 11:13:47,664 basehttp 17020 11776 "GET /cart/ HTTP/1.1" 200 23807
INFO 2025-10-25 11:13:50,531 basehttp 17020 7852 "GET /checkout/ HTTP/1.1" 200 23817
INFO 2025-10-25 11:14:01,711 basehttp 17020 10764 - Broken pipe from ('127.0.0.1', 54206)
INFO 2025-10-25 11:14:01,711 basehttp 17020 13208 "POST /checkout/ HTTP/1.1" 302 0
INFO 2025-10-25 11:14:01,891 basehttp 17020 13208 "GET /checkout/ HTTP/1.1" 200 24111
ERROR 2025-10-25 11:27:19,784 log 17020 5676 Internal Server Error: /orders/
Traceback (most recent call last):
  File "C:\Users\Dell\AppData\Local\Programs\Python\Python312\Lib\site-packages\django\db\backends\utils.py", line 105, in _execute
    return self.cursor.execute(sql, params)
           ^^^^^^^^^^^^^^^^^^^^^^^^^^^^^^^^
psycopg2.errors.UndefinedColumn: column shop_order.state does not exist
LINE 1: ...ne", "shop_order"."address", "shop_order"."city", "shop_orde...
                                                             ^
HINT:  Perhaps you meant to reference the column "shop_order.status".


The above exception was the direct cause of the following exception:

Traceback (most recent call last):
  File "C:\Users\Dell\AppData\Local\Programs\Python\Python312\Lib\site-packages\django\core\handlers\exception.py", line 55, in inner
    response = get_response(request)
               ^^^^^^^^^^^^^^^^^^^^^
  File "C:\Users\Dell\AppData\Local\Programs\Python\Python312\Lib\site-packages\django\core\handlers\base.py", line 197, in _get_response
    response = wrapped_callback(request, *callback_args, **callback_kwargs)
               ^^^^^^^^^^^^^^^^^^^^^^^^^^^^^^^^^^^^^^^^^^^^^^^^^^^^^^^^^^^^
  File "C:\Users\Dell\AppData\Local\Programs\Python\Python312\Lib\site-packages\django\contrib\auth\decorators.py", line 59, in _view_wrapper
    return view_func(request, *args, **kwargs)
           ^^^^^^^^^^^^^^^^^^^^^^^^^^^^^^^^^^^
  File "C:\Users\Dell\Downloads\ecom\ecommerce\ecommerce\shop\views.py", line 341, in order_list
    return render(request, 'shop/order_list.html', {'orders': orders})
           ^^^^^^^^^^^^^^^^^^^^^^^^^^^^^^^^^^^^^^^^^^^^^^^^^^^^^^^^^^^
  File "C:\Users\Dell\AppData\Local\Programs\Python\Python312\Lib\site-packages\django\shortcuts.py", line 25, in render
    content = loader.render_to_string(template_name, context, request, using=using)
              ^^^^^^^^^^^^^^^^^^^^^^^^^^^^^^^^^^^^^^^^^^^^^^^^^^^^^^^^^^^^^^^^^^^^^
  File "C:\Users\Dell\AppData\Local\Programs\Python\Python312\Lib\site-packages\django\template\loader.py", line 62, in render_to_string
    return template.render(context, request)
           ^^^^^^^^^^^^^^^^^^^^^^^^^^^^^^^^^
  File "C:\Users\Dell\AppData\Local\Programs\Python\Python312\Lib\site-packages\django\template\backends\django.py", line 107, in render
    return self.template.render(context)
           ^^^^^^^^^^^^^^^^^^^^^^^^^^^^^
  File "C:\Users\Dell\AppData\Local\Programs\Python\Python312\Lib\site-packages\django\template\base.py", line 171, in render
    return self._render(context)
           ^^^^^^^^^^^^^^^^^^^^^
  File "C:\Users\Dell\AppData\Local\Programs\Python\Python312\Lib\site-packages\django\template\base.py", line 163, in _render
    return self.nodelist.render(context)
           ^^^^^^^^^^^^^^^^^^^^^^^^^^^^^
  File "C:\Users\Dell\AppData\Local\Programs\Python\Python312\Lib\site-packages\django\template\base.py", line 1016, in render
    return SafeString("".join([node.render_annotated(context) for node in self]))
                               ^^^^^^^^^^^^^^^^^^^^^^^^^^^^^^
  File "C:\Users\Dell\AppData\Local\Programs\Python\Python312\Lib\site-packages\django\template\base.py", line 977, in render_annotated
    return self.render(context)
           ^^^^^^^^^^^^^^^^^^^^
  File "C:\Users\Dell\AppData\Local\Programs\Python\Python312\Lib\site-packages\django\template\loader_tags.py", line 159, in render
    return compiled_parent._render(context)
           ^^^^^^^^^^^^^^^^^^^^^^^^^^^^^^^^
  File "C:\Users\Dell\AppData\Local\Programs\Python\Python312\Lib\site-packages\django\template\base.py", line 163, in _render
    return self.nodelist.render(context)
           ^^^^^^^^^^^^^^^^^^^^^^^^^^^^^
  File "C:\Users\Dell\AppData\Local\Programs\Python\Python312\Lib\site-packages\django\template\base.py", line 1016, in render
    return SafeString("".join([node.render_annotated(context) for node in self]))
                               ^^^^^^^^^^^^^^^^^^^^^^^^^^^^^^
  File "C:\Users\Dell\AppData\Local\Programs\Python\Python312\Lib\site-packages\django\template\base.py", line 977, in render_annotated
    return self.render(context)
           ^^^^^^^^^^^^^^^^^^^^
  File "C:\Users\Dell\AppData\Local\Programs\Python\Python312\Lib\site-packages\django\template\loader_tags.py", line 65, in render
    result = block.nodelist.render(context)
             ^^^^^^^^^^^^^^^^^^^^^^^^^^^^^^
  File "C:\Users\Dell\AppData\Local\Programs\Python\Python312\Lib\site-packages\django\template\base.py", line 1016, in render
    return SafeString("".join([node.render_annotated(context) for node in self]))
                               ^^^^^^^^^^^^^^^^^^^^^^^^^^^^^^
  File "C:\Users\Dell\AppData\Local\Programs\Python\Python312\Lib\site-packages\django\template\base.py", line 977, in render_annotated
    return self.render(context)
           ^^^^^^^^^^^^^^^^^^^^
  File "C:\Users\Dell\AppData\Local\Programs\Python\Python312\Lib\site-packages\django\template\defaulttags.py", line 326, in render
    if match:
       ^^^^^
  File "C:\Users\Dell\AppData\Local\Programs\Python\Python312\Lib\site-packages\django\db\models\query.py", line 398, in __bool__
    self._fetch_all()
  File "C:\Users\Dell\AppData\Local\Programs\Python\Python312\Lib\site-packages\django\db\models\query.py", line 1949, in _fetch_all
    self._result_cache = list(self._iterable_class(self))
                         ^^^^^^^^^^^^^^^^^^^^^^^^^^^^^^^^
  File "C:\Users\Dell\AppData\Local\Programs\Python\Python312\Lib\site-packages\django\db\models\query.py", line 91, in __iter__
    results = compiler.execute_sql(
              ^^^^^^^^^^^^^^^^^^^^^
  File "C:\Users\Dell\AppData\Local\Programs\Python\Python312\Lib\site-packages\django\db\models\sql\compiler.py", line 1623, in execute_sql
    cursor.execute(sql, params)
  File "C:\Users\Dell\AppData\Local\Programs\Python\Python312\Lib\site-packages\django\db\backends\utils.py", line 122, in execute
    return super().execute(sql, params)
           ^^^^^^^^^^^^^^^^^^^^^^^^^^^^
  File "C:\Users\Dell\AppData\Local\Programs\Python\Python312\Lib\site-packages\django\db\backends\utils.py", line 79, in execute
    return self._execute_with_wrappers(
           ^^^^^^^^^^^^^^^^^^^^^^^^^^^^
  File "C:\Users\Dell\AppData\Local\Programs\Python\Python312\Lib\site-packages\django\db\backends\utils.py", line 92, in _execute_with_wrappers
    return executor(sql, params, many, context)
           ^^^^^^^^^^^^^^^^^^^^^^^^^^^^^^^^^^^^
  File "C:\Users\Dell\AppData\Local\Programs\Python\Python312\Lib\site-packages\django\db\backends\utils.py", line 100, in _execute
    with self.db.wrap_database_errors:
         ^^^^^^^^^^^^^^^^^^^^^^^^^^^^
  File "C:\Users\Dell\AppData\Local\Programs\Python\Python312\Lib\site-packages\django\db\utils.py", line 91, in __exit__
    raise dj_exc_value.with_traceback(traceback) from exc_value
  File "C:\Users\Dell\AppData\Local\Programs\Python\Python312\Lib\site-packages\django\db\backends\utils.py", line 105, in _execute
    return self.cursor.execute(sql, params)
           ^^^^^^^^^^^^^^^^^^^^^^^^^^^^^^^^
django.db.utils.ProgrammingError: column shop_order.state does not exist
LINE 1: ...ne", "shop_order"."address", "shop_order"."city", "shop_orde...
                                                             ^
HINT:  Perhaps you meant to reference the column "shop_order.status".

ERROR 2025-10-25 11:27:19,791 basehttp 17020 5676 "GET /orders/ HTTP/1.1" 500 215549
WARNING 2025-10-25 11:27:20,080 basehttp 17020 5676 "GET /favicon.ico HTTP/1.1" 404 5716
INFO 2025-10-25 11:34:24,493 utils 15244 4944 Preparing to send order confirmation email for order #1
INFO 2025-10-25 11:34:24,493 utils 15244 4944 Sending order confirmation email to test@example.com for order #1
INFO 2025-10-25 11:34:24,558 utils 15244 4944 Email sent successfully to test@example.com for order #1
INFO 2025-10-25 11:34:31,929 utils 15244 4944 Preparing to send order confirmation email for order #2
INFO 2025-10-25 11:34:31,944 utils 15244 4944 Sending order confirmation email to test@example.com for order #2
INFO 2025-10-25 11:34:31,969 utils 15244 4944 Email sent successfully to test@example.com for order #2
INFO 2025-10-25 11:34:35,617 utils 15244 4944 Preparing to send order confirmation email for order #3
INFO 2025-10-25 11:34:35,633 utils 15244 4944 Sending order confirmation email to test@example.com for order #3
INFO 2025-10-25 11:34:35,669 utils 15244 4944 Email sent successfully to test@example.com for order #3
INFO 2025-10-25 11:34:39,389 utils 15244 4944 Preparing to send order confirmation email for order #4
INFO 2025-10-25 11:34:39,389 utils 15244 4944 Sending order confirmation email to test@example.com for order #4
INFO 2025-10-25 11:34:39,433 utils 15244 4944 Email sent successfully to test@example.com for order #4
INFO 2025-10-25 11:34:42,929 utils 15244 4944 Preparing to send order confirmation email for order #5
INFO 2025-10-25 11:34:42,944 utils 15244 4944 Sending order confirmation email to test@example.com for order #5
INFO 2025-10-25 11:34:42,981 utils 15244 4944 Email sent successfully to test@example.com for order #5
INFO 2025-10-25 11:34:46,400 utils 15244 4944 Preparing to send order confirmation email for order #6
INFO 2025-10-25 11:34:46,416 utils 15244 4944 Sending order confirmation email to test@example.com for order #6
INFO 2025-10-25 11:34:46,447 utils 15244 4944 Email sent successfully to test@example.com for order #6
INFO 2025-10-25 11:36:39,341 utils 12156 14164 Preparing to send order confirmation email for order #7
INFO 2025-10-25 11:36:39,341 utils 12156 14164 Sending order confirmation email to test@example.com for order #7
INFO 2025-10-25 11:36:39,384 utils 12156 14164 Email sent successfully to test@example.com for order #7
INFO 2025-10-25 11:36:46,994 utils 12156 14164 Preparing to send order confirmation email for order #8
INFO 2025-10-25 11:36:46,994 utils 12156 14164 Sending order confirmation email to test@example.com for order #8
INFO 2025-10-25 11:36:47,028 utils 12156 14164 Email sent successfully to test@example.com for order #8
INFO 2025-10-25 11:36:50,591 utils 12156 14164 Preparing to send order confirmation email for order #9
INFO 2025-10-25 11:36:50,600 utils 12156 14164 Sending order confirmation email to test@example.com for order #9
INFO 2025-10-25 11:36:50,623 utils 12156 14164 Email sent successfully to test@example.com for order #9
INFO 2025-10-25 11:36:54,104 utils 12156 14164 Preparing to send order confirmation email for order #10
INFO 2025-10-25 11:36:54,104 utils 12156 14164 Sending order confirmation email to test@example.com for order #10
INFO 2025-10-25 11:36:54,143 utils 12156 14164 Email sent successfully to test@example.com for order #10
INFO 2025-10-25 11:36:57,554 utils 12156 14164 Preparing to send order confirmation email for order #11
INFO 2025-10-25 11:36:57,570 utils 12156 14164 Sending order confirmation email to test@example.com for order #11
INFO 2025-10-25 11:36:57,600 utils 12156 14164 Email sent successfully to test@example.com for order #11
INFO 2025-10-25 11:37:01,045 utils 12156 14164 Preparing to send order confirmation email for order #12
INFO 2025-10-25 11:37:01,061 utils 12156 14164 Sending order confirmation email to test@example.com for order #12
INFO 2025-10-25 11:37:01,087 utils 12156 14164 Email sent successfully to test@example.com for order #12
INFO 2025-10-25 11:37:56,685 utils 15024 12504 Preparing to send order confirmation email for order #13
INFO 2025-10-25 11:37:56,685 utils 15024 12504 Sending order confirmation email to test@example.com for order #13
INFO 2025-10-25 11:37:56,723 utils 15024 12504 Email sent successfully to test@example.com for order #13
INFO 2025-10-25 11:38:03,483 utils 15024 12504 Preparing to send order confirmation email for order #14
INFO 2025-10-25 11:38:03,499 utils 15024 12504 Sending order confirmation email to test@example.com for order #14
INFO 2025-10-25 11:38:03,516 utils 15024 12504 Email sent successfully to test@example.com for order #14
INFO 2025-10-25 11:38:06,921 utils 15024 12504 Preparing to send order confirmation email for order #15
INFO 2025-10-25 11:38:06,921 utils 15024 12504 Sending order confirmation email to test@example.com for order #15
INFO 2025-10-25 11:38:06,956 utils 15024 12504 Email sent successfully to test@example.com for order #15
INFO 2025-10-25 11:38:10,430 utils 15024 12504 Preparing to send order confirmation email for order #16
INFO 2025-10-25 11:38:10,437 utils 15024 12504 Sending order confirmation email to test@example.com for order #16
INFO 2025-10-25 11:38:10,466 utils 15024 12504 Email sent successfully to test@example.com for order #16
INFO 2025-10-25 11:38:14,157 utils 15024 12504 Preparing to send order confirmation email for order #17
INFO 2025-10-25 11:38:14,167 utils 15024 12504 Sending order confirmation email to test@example.com for order #17
INFO 2025-10-25 11:38:14,202 utils 15024 12504 Email sent successfully to test@example.com for order #17
INFO 2025-10-25 11:38:17,767 utils 15024 12504 Preparing to send order confirmation email for order #18
INFO 2025-10-25 11:38:17,767 utils 15024 12504 Sending order confirmation email to test@example.com for order #18
INFO 2025-10-25 11:38:17,799 utils 15024 12504 Email sent successfully to test@example.com for order #18
INFO 2025-10-25 11:39:00,327 utils 13040 16796 Preparing to send order confirmation email for order #19
INFO 2025-10-25 11:39:00,327 utils 13040 16796 Sending order confirmation email to test@example.com for order #19
INFO 2025-10-25 11:39:00,369 utils 13040 16796 Email sent successfully to test@example.com for order #19
INFO 2025-10-25 11:39:07,231 utils 13040 16796 Preparing to send order confirmation email for order #20
INFO 2025-10-25 11:39:07,247 utils 13040 16796 Sending order confirmation email to test@example.com for order #20
INFO 2025-10-25 11:39:07,293 utils 13040 16796 Email sent successfully to test@example.com for order #20
INFO 2025-10-25 11:39:10,704 utils 13040 16796 Preparing to send order confirmation email for order #21
INFO 2025-10-25 11:39:10,720 utils 13040 16796 Sending order confirmation email to test@example.com for order #21
INFO 2025-10-25 11:39:10,755 utils 13040 16796 Email sent successfully to test@example.com for order #21
INFO 2025-10-25 11:39:14,394 utils 13040 16796 Preparing to send order confirmation email for order #22
INFO 2025-10-25 11:39:14,394 utils 13040 16796 Sending order confirmation email to test@example.com for order #22
INFO 2025-10-25 11:39:14,432 utils 13040 16796 Email sent successfully to test@example.com for order #22
INFO 2025-10-25 11:39:18,094 utils 13040 16796 Preparing to send order confirmation email for order #23
INFO 2025-10-25 11:39:18,103 utils 13040 16796 Sending order confirmation email to test@example.com for order #23
INFO 2025-10-25 11:39:18,130 utils 13040 16796 Email sent successfully to test@example.com for order #23
INFO 2025-10-25 11:39:21,634 utils 13040 16796 Preparing to send order confirmation email for order #24
INFO 2025-10-25 11:39:21,644 utils 13040 16796 Sending order confirmation email to test@example.com for order #24
INFO 2025-10-25 11:39:21,668 utils 13040 16796 Email sent successfully to test@example.com for order #24
INFO 2025-10-25 11:40:21,838 utils 12852 9196 Preparing to send order confirmation email for order #25
INFO 2025-10-25 11:40:21,856 utils 12852 9196 Sending order confirmation email to test@example.com for order #25
INFO 2025-10-25 11:40:21,883 utils 12852 9196 Email sent successfully to test@example.com for order #25
INFO 2025-10-25 11:40:29,036 utils 12852 9196 Preparing to send order confirmation email for order #26
INFO 2025-10-25 11:40:29,052 utils 12852 9196 Sending order confirmation email to test@example.com for order #26
INFO 2025-10-25 11:40:29,079 utils 12852 9196 Email sent successfully to test@example.com for order #26
INFO 2025-10-25 11:40:29,125 utils 12852 9196 Preparing to send order confirmation email for order #27
INFO 2025-10-25 11:40:29,140 utils 12852 9196 Sending order confirmation email to test@example.com for order #27
INFO 2025-10-25 11:40:29,165 utils 12852 9196 Email sent successfully to test@example.com for order #27
INFO 2025-10-25 11:40:29,224 utils 12852 9196 Preparing to send order confirmation email for order #28
INFO 2025-10-25 11:40:29,225 utils 12852 9196 Sending order confirmation email to test@example.com for order #28
INFO 2025-10-25 11:40:29,265 utils 12852 9196 Email sent successfully to test@example.com for order #28
INFO 2025-10-25 11:40:32,681 utils 12852 9196 Preparing to send order confirmation email for order #29
INFO 2025-10-25 11:40:32,681 utils 12852 9196 Sending order confirmation email to test@example.com for order #29
INFO 2025-10-25 11:40:32,715 utils 12852 9196 Email sent successfully to test@example.com for order #29
INFO 2025-10-25 11:40:36,264 utils 12852 9196 Preparing to send order confirmation email for order #30
INFO 2025-10-25 11:40:36,264 utils 12852 9196 Sending order confirmation email to test@example.com for order #30
INFO 2025-10-25 11:40:36,292 utils 12852 9196 Email sent successfully to test@example.com for order #30
INFO 2025-10-25 11:40:39,709 utils 12852 9196 Preparing to send order confirmation email for order #31
INFO 2025-10-25 11:40:39,709 utils 12852 9196 Sending order confirmation email to test@example.com for order #31
INFO 2025-10-25 11:40:39,743 utils 12852 9196 Email sent successfully to test@example.com for order #31
INFO 2025-10-25 11:40:43,147 utils 12852 9196 Preparing to send order confirmation email for order #32
INFO 2025-10-25 11:40:43,147 utils 12852 9196 Sending order confirmation email to test@example.com for order #32
INFO 2025-10-25 11:40:43,181 utils 12852 9196 Email sent successfully to test@example.com for order #32
INFO 2025-10-25 11:41:19,418 autoreload 5356 13756 Watching for file changes with StatReloader
INFO 2025-10-25 11:41:22,950 basehttp 17020 1644 "GET / HTTP/1.1" 200 23794
INFO 2025-10-25 11:41:29,683 basehttp 17020 6856 "GET /product/auraglow/ HTTP/1.1" 200 18557
INFO 2025-10-25 11:41:29,723 basehttp 17020 6856 "GET /media/products/WhatsApp_Image_2021-10-14_at_10_izt5HQ6.59.54_AM.webp HTTP/1.1" 304 0
INFO 2025-10-25 11:41:33,636 basehttp 17020 6856 "POST /cart/add/1/ HTTP/1.1" 302 0
INFO 2025-10-25 11:41:33,737 basehttp 17020 6856 "GET /cart/ HTTP/1.1" 200 23807
INFO 2025-10-25 11:41:42,604 basehttp 17020 15644 "GET /cart/remove/3/ HTTP/1.1" 302 0
INFO 2025-10-25 11:41:42,697 basehttp 17020 15644 "GET /cart/ HTTP/1.1" 200 20946
INFO 2025-10-25 11:41:44,983 basehttp 17020 15644 "GET /checkout/ HTTP/1.1" 200 23454
INFO 2025-10-25 11:42:10,684 basehttp 17020 2084 "POST /checkout/ HTTP/1.1" 302 0
INFO 2025-10-25 11:42:10,791 basehttp 17020 2084 "GET /checkout/ HTTP/1.1" 200 23748
INFO 2025-10-25 11:42:32,735 basehttp 17020 15096 "POST /checkout/ HTTP/1.1" 302 0
INFO 2025-10-25 11:42:32,840 basehttp 17020 15096 "GET /checkout/ HTTP/1.1" 200 23748
INFO 2025-10-25 11:45:40,558 autoreload 17020 11636 C:\Users\Dell\Downloads\ecom\ecommerce\ecommerce\shop\views.py changed, reloading.
INFO 2025-10-25 11:45:41,635 autoreload 5356 13756 C:\Users\Dell\Downloads\ecom\ecommerce\ecommerce\shop\views.py changed, reloading.
INFO 2025-10-25 11:45:43,243 autoreload 5684 8528 Watching for file changes with StatReloader
INFO 2025-10-25 11:45:43,476 autoreload 16284 11580 Watching for file changes with StatReloader
INFO 2025-10-25 11:46:04,059 autoreload 5684 8528 C:\Users\Dell\Downloads\ecom\ecommerce\ecommerce\shop\views.py changed, reloading.
INFO 2025-10-25 11:46:04,197 autoreload 16284 11580 C:\Users\Dell\Downloads\ecom\ecommerce\ecommerce\shop\views.py changed, reloading.
INFO 2025-10-25 11:46:06,120 autoreload 2492 15112 Watching for file changes with StatReloader
INFO 2025-10-25 11:46:06,289 autoreload 11728 10768 Watching for file changes with StatReloader
INFO 2025-10-25 11:46:33,270 autoreload 11728 10768 C:\Users\Dell\Downloads\ecom\ecommerce\ecommerce\shop\views.py changed, reloading.
INFO 2025-10-25 11:46:33,332 autoreload 2492 15112 C:\Users\Dell\Downloads\ecom\ecommerce\ecommerce\shop\views.py changed, reloading.
INFO 2025-10-25 11:46:35,307 autoreload 4688 4544 Watching for file changes with StatReloader
INFO 2025-10-25 11:46:35,307 autoreload 16020 10548 Watching for file changes with StatReloader
INFO 2025-10-25 11:47:12,138 autoreload 4688 4544 C:\Users\Dell\Downloads\ecom\ecommerce\ecommerce\shop\views.py changed, reloading.
INFO 2025-10-25 11:47:12,203 autoreload 16020 10548 C:\Users\Dell\Downloads\ecom\ecommerce\ecommerce\shop\views.py changed, reloading.
INFO 2025-10-25 11:47:14,422 autoreload 2904 3284 Watching for file changes with StatReloader
INFO 2025-10-25 11:47:14,462 autoreload 13448 9876 Watching for file changes with StatReloader
INFO 2025-10-25 11:48:18,121 basehttp 2904 6328 "GET / HTTP/1.1" 200 23794
INFO 2025-10-25 11:48:29,095 basehttp 2904 12324 "GET /product/auraglow/ HTTP/1.1" 200 18557
INFO 2025-10-25 11:48:36,400 basehttp 2904 13720 "POST /cart/add/1/ HTTP/1.1" 302 0
INFO 2025-10-25 11:48:36,485 basehttp 2904 13720 "GET /cart/ HTTP/1.1" 200 20946
INFO 2025-10-25 11:48:40,828 basehttp 2904 13720 "GET /checkout/ HTTP/1.1" 200 23454
INFO 2025-10-25 11:48:52,850 basehttp 2904 5844 "POST /checkout/ HTTP/1.1" 302 0
INFO 2025-10-25 11:48:52,983 basehttp 2904 5844 "GET /checkout/ HTTP/1.1" 200 23810
INFO 2025-10-25 11:49:15,768 basehttp 2904 14936 "GET /track-order/ HTTP/1.1" 200 17785
INFO 2025-10-25 11:49:41,516 autoreload 2904 3284 C:\Users\Dell\Downloads\ecom\ecommerce\ecommerce\shop\views.py changed, reloading.
INFO 2025-10-25 11:49:41,915 autoreload 13448 9876 C:\Users\Dell\Downloads\ecom\ecommerce\ecommerce\shop\views.py changed, reloading.
INFO 2025-10-25 11:49:43,215 autoreload 7152 17276 Watching for file changes with StatReloader
INFO 2025-10-25 11:49:43,664 autoreload 10456 1668 Watching for file changes with StatReloader
INFO 2025-10-25 11:51:40,716 autoreload 7152 17276 C:\Users\Dell\Downloads\ecom\ecommerce\ecommerce\shop\views.py changed, reloading.
INFO 2025-10-25 11:51:40,833 autoreload 10456 1668 C:\Users\Dell\Downloads\ecom\ecommerce\ecommerce\shop\views.py changed, reloading.
INFO 2025-10-25 11:51:43,446 autoreload 16920 8768 Watching for file changes with StatReloader
INFO 2025-10-25 11:51:43,542 autoreload 16012 17116 Watching for file changes with StatReloader
INFO 2025-10-25 11:52:16,182 autoreload 16012 17116 C:\Users\Dell\Downloads\ecom\ecommerce\ecommerce\shop\views.py changed, reloading.
INFO 2025-10-25 11:52:16,213 autoreload 16920 8768 C:\Users\Dell\Downloads\ecom\ecommerce\ecommerce\shop\views.py changed, reloading.
INFO 2025-10-25 11:52:18,158 autoreload 464 6804 Watching for file changes with StatReloader
INFO 2025-10-25 11:52:18,231 autoreload 6972 10540 Watching for file changes with StatReloader
INFO 2025-10-25 12:01:40,269 autoreload 16240 15888 Watching for file changes with StatReloader
INFO 2025-10-25 12:04:38,922 autoreload 16240 15888 C:\Users\Dell\Downloads\ecom\ecommerce\ecommerce\shop\utils\order_processing.py changed, reloading.
INFO 2025-10-25 12:04:38,926 autoreload 6972 10540 C:\Users\Dell\Downloads\ecom\ecommerce\ecommerce\shop\utils\order_processing.py changed, reloading.
INFO 2025-10-25 12:04:38,961 autoreload 464 6804 C:\Users\Dell\Downloads\ecom\ecommerce\ecommerce\shop\utils\order_processing.py changed, reloading.
INFO 2025-10-25 12:04:42,788 autoreload 9736 15560 Watching for file changes with StatReloader
INFO 2025-10-25 12:04:43,040 autoreload 5020 14664 Watching for file changes with StatReloader
INFO 2025-10-25 12:04:43,122 autoreload 6756 10408 Watching for file changes with StatReloader
INFO 2025-10-25 12:06:44,171 autoreload 6756 10408 C:\Users\Dell\Downloads\ecom\ecommerce\ecommerce\shop\utils\order_processing.py changed, reloading.
INFO 2025-10-25 12:06:44,188 autoreload 5020 14664 C:\Users\Dell\Downloads\ecom\ecommerce\ecommerce\shop\utils\order_processing.py changed, reloading.
INFO 2025-10-25 12:06:44,211 autoreload 9736 15560 C:\Users\Dell\Downloads\ecom\ecommerce\ecommerce\shop\utils\order_processing.py changed, reloading.
INFO 2025-10-25 12:06:45,890 autoreload 14040 14852 Watching for file changes with StatReloader
INFO 2025-10-25 12:06:45,916 autoreload 11636 15772 Watching for file changes with StatReloader
INFO 2025-10-25 12:06:45,963 autoreload 15340 4948 Watching for file changes with StatReloader
INFO 2025-10-26 08:01:38,123 basehttp 11636 6768 "GET / HTTP/1.1" 200 23794
INFO 2025-10-26 08:01:38,286 basehttp 11636 14184 "GET /static/css/order.css HTTP/1.1" 304 0
INFO 2025-10-26 08:01:38,324 basehttp 11636 7128 "GET /static/css/style.css HTTP/1.1" 304 0
INFO 2025-10-26 08:01:38,395 basehttp 11636 9600 "GET /media/products/Top_9_Hair_Care_Brands_in_India_For_Men_and_Women_1_x7hW9kP_yh5xxHt.jpg HTTP/1.1" 304 0
INFO 2025-10-26 08:01:44,739 basehttp 11636 9600 "GET /product/auraglow/ HTTP/1.1" 200 18557
INFO 2025-10-26 08:01:44,851 basehttp 11636 9600 "GET /media/products/WhatsApp_Image_2021-10-14_at_10_izt5HQ6.59.54_AM.webp HTTP/1.1" 304 0
INFO 2025-10-26 08:01:47,394 basehttp 11636 9600 "POST /cart/add/1/ HTTP/1.1" 302 0
INFO 2025-10-26 08:01:47,812 basehttp 11636 9600 "GET /cart/ HTTP/1.1" 200 20946
INFO 2025-10-26 08:01:55,037 basehttp 11636 8440 "POST /cart/add/1/ HTTP/1.1" 302 0
INFO 2025-10-26 08:01:55,200 basehttp 11636 8440 "GET /cart/ HTTP/1.1" 200 20943
INFO 2025-10-26 08:01:58,176 logging 11636 8440 Starting checkout
INFO 2025-10-26 08:01:58,331 logging 11636 8440 Completed checkout successfully
INFO 2025-10-26 08:01:58,333 basehttp 11636 8440 "GET /checkout/ HTTP/1.1" 200 23450
INFO 2025-10-26 08:02:19,732 logging 11636 15268 Starting checkout
ERROR 2025-10-26 08:02:19,935 logging 11636 15268 Error in step create_order: column "state" of relation "shop_order" does not exist
LINE 1: ..."last_name", "email", "phone", "address", "city", "state", "...
                                                             ^

ERROR 2025-10-26 08:02:19,936 views 11636 15268 Critical error during checkout for user 1
INFO 2025-10-26 08:02:19,945 logging 11636 15268 Completed checkout successfully
INFO 2025-10-26 08:02:19,945 basehttp 11636 15268 "POST /checkout/ HTTP/1.1" 200 24056
INFO 2025-10-26 08:02:55,818 logging 11636 16632 Starting checkout
ERROR 2025-10-26 08:02:55,838 logging 11636 16632 Error in step create_order: column "state" of relation "shop_order" does not exist
LINE 1: ..."last_name", "email", "phone", "address", "city", "state", "...
                                                             ^

ERROR 2025-10-26 08:02:55,849 views 11636 16632 Critical error during checkout for user 1
INFO 2025-10-26 08:02:55,871 logging 11636 16632 Completed checkout successfully
INFO 2025-10-26 08:02:55,874 basehttp 11636 16632 "POST /checkout/ HTTP/1.1" 200 24061
INFO 2025-10-26 08:03:12,950 basehttp 11636 16632 "GET /track-order/ HTTP/1.1" 200 17785
INFO 2025-10-26 08:05:38,542 autoreload 14040 14852 C:\Users\Dell\Downloads\ecom\ecommerce\ecommerce\shop\utils\order_processing.py changed, reloading.
INFO 2025-10-26 08:05:38,684 autoreload 11636 15772 C:\Users\Dell\Downloads\ecom\ecommerce\ecommerce\shop\utils\order_processing.py changed, reloading.
INFO 2025-10-26 08:05:39,786 autoreload 15340 4948 C:\Users\Dell\Downloads\ecom\ecommerce\ecommerce\shop\utils\order_processing.py changed, reloading.
INFO 2025-10-26 08:05:43,169 autoreload 11372 12076 Watching for file changes with StatReloader
INFO 2025-10-26 08:05:43,169 autoreload 15664 17384 Watching for file changes with StatReloader
INFO 2025-10-26 08:05:43,169 autoreload 9708 14552 Watching for file changes with StatReloader
INFO 2025-10-26 08:06:14,416 autoreload 15664 17384 C:\Users\Dell\Downloads\ecom\ecommerce\ecommerce\shop\utils\order_processing.py changed, reloading.
INFO 2025-10-26 08:06:14,425 autoreload 11372 12076 C:\Users\Dell\Downloads\ecom\ecommerce\ecommerce\shop\utils\order_processing.py changed, reloading.
INFO 2025-10-26 08:06:15,481 autoreload 9708 14552 C:\Users\Dell\Downloads\ecom\ecommerce\ecommerce\shop\utils\order_processing.py changed, reloading.
INFO 2025-10-26 08:06:17,219 autoreload 13124 4400 Watching for file changes with StatReloader
INFO 2025-10-26 08:06:17,254 autoreload 14576 6120 Watching for file changes with StatReloader
INFO 2025-10-26 08:06:17,929 autoreload 14404 596 Watching for file changes with StatReloader
INFO 2025-10-26 08:06:30,214 autoreload 14576 6120 C:\Users\Dell\Downloads\ecom\ecommerce\ecommerce\shop\utils\logging.py changed, reloading.
INFO 2025-10-26 08:06:30,286 autoreload 13124 4400 C:\Users\Dell\Downloads\ecom\ecommerce\ecommerce\shop\utils\logging.py changed, reloading.
INFO 2025-10-26 08:06:30,820 autoreload 14404 596 C:\Users\Dell\Downloads\ecom\ecommerce\ecommerce\shop\utils\logging.py changed, reloading.
INFO 2025-10-26 08:06:33,292 autoreload 5472 14280 Watching for file changes with StatReloader
INFO 2025-10-26 08:06:33,402 autoreload 7036 15940 Watching for file changes with StatReloader
INFO 2025-10-26 08:06:33,819 autoreload 10208 12972 Watching for file changes with StatReloader
INFO 2025-10-26 08:07:22,783 autoreload 7360 11488 Watching for file changes with StatReloader
INFO 2025-10-26 08:07:59,576 autoreload 7360 11488 C:\Users\Dell\Downloads\ecom\ecommerce\ecommerce\shop\utils\order_processing.py changed, reloading.
INFO 2025-10-26 08:08:01,565 autoreload 8 9432 Watching for file changes with StatReloader
INFO 2025-10-26 08:08:40,213 autoreload 10868 14840 Watching for file changes with StatReloader
INFO 2025-10-26 08:10:17,980 autoreload 10868 14840 C:\Users\Dell\Downloads\ecom\ecommerce\ecommerce\shop\utils\logging.py changed, reloading.
INFO 2025-10-26 08:10:18,008 autoreload 8 9432 C:\Users\Dell\Downloads\ecom\ecommerce\ecommerce\shop\utils\logging.py changed, reloading.
INFO 2025-10-26 08:10:19,478 autoreload 13340 16288 Watching for file changes with StatReloader
INFO 2025-10-26 08:10:19,494 autoreload 10264 5876 Watching for file changes with StatReloader
INFO 2025-10-28 09:54:44,748 autoreload 10264 5876 C:\Users\Dell\Downloads\ecom\ecommerce\ecommerce\shop\utils\order_processing.py changed, reloading.
INFO 2025-10-28 09:54:49,187 autoreload 16192 12840 Watching for file changes with StatReloader
INFO 2025-10-28 09:55:15,320 autoreload 16192 12840 C:\Users\Dell\Downloads\ecom\ecommerce\ecommerce\shop\utils\order_processing.py changed, reloading.
INFO 2025-10-28 09:55:17,714 autoreload 14604 12152 Watching for file changes with StatReloader
INFO 2025-10-28 09:56:18,002 autoreload 14604 12152 C:\Users\Dell\Downloads\ecom\ecommerce\ecommerce\shop\utils\order_processing.py changed, reloading.
INFO 2025-10-28 09:56:19,551 autoreload 7040 16404 Watching for file changes with StatReloader
INFO 2025-10-28 09:57:05,384 autoreload 17364 14004 Watching for file changes with StatReloader
INFO 2025-10-28 09:58:18,482 autoreload 7040 16404 C:\Users\Dell\Downloads\ecom\ecommerce\ecommerce\shop\utils\order_processing.py changed, reloading.
INFO 2025-10-28 09:58:19,337 autoreload 17364 14004 C:\Users\Dell\Downloads\ecom\ecommerce\ecommerce\shop\utils\order_processing.py changed, reloading.
INFO 2025-10-28 09:58:24,197 autoreload 6420 8264 Watching for file changes with StatReloader
INFO 2025-10-28 09:58:24,188 autoreload 10768 13304 Watching for file changes with StatReloader
INFO 2025-10-28 09:59:38,542 autoreload 10768 13304 C:\Users\Dell\Downloads\ecom\ecommerce\ecommerce\shop\utils\order_processing.py changed, reloading.
INFO 2025-10-28 09:59:38,629 autoreload 6420 8264 C:\Users\Dell\Downloads\ecom\ecommerce\ecommerce\shop\utils\order_processing.py changed, reloading.
INFO 2025-10-28 09:59:41,057 autoreload 10604 16936 Watching for file changes with StatReloader
INFO 2025-10-28 09:59:41,061 autoreload 13964 14528 Watching for file changes with StatReloader
INFO 2025-10-28 10:00:27,261 autoreload 10664 9768 Watching for file changes with StatReloader
INFO 2025-10-28 10:00:35,163 basehttp 13964 13168 "GET / HTTP/1.1" 200 23794
INFO 2025-10-28 10:00:35,227 basehttp 13964 13168 "GET /static/css/order.css HTTP/1.1" 304 0
INFO 2025-10-28 10:00:35,236 basehttp 13964 13368 "GET /static/css/style.css HTTP/1.1" 304 0
INFO 2025-10-28 10:00:35,242 basehttp 13964 13168 "GET /static/logo/logo.png HTTP/1.1" 304 0
INFO 2025-10-28 10:00:35,251 basehttp 13964 12252 "GET /media/products/Top_9_Hair_Care_Brands_in_India_For_Men_and_Women_1_x7hW9kP_yh5xxHt.jpg HTTP/1.1" 304 0
INFO 2025-10-28 10:00:40,499 basehttp 13964 15060 "GET /product/auraglow/ HTTP/1.1" 200 18557
INFO 2025-10-28 10:00:40,547 basehttp 13964 15060 "GET /media/products/WhatsApp_Image_2021-10-14_at_10_izt5HQ6.59.54_AM.webp HTTP/1.1" 304 0
INFO 2025-10-28 10:00:43,369 basehttp 13964 6836 "POST /cart/add/1/ HTTP/1.1" 302 0
INFO 2025-10-28 10:00:43,656 basehttp 13964 6836 "GET /cart/ HTTP/1.1" 200 20946
INFO 2025-10-28 10:00:48,000 logging 13964 15228 Starting checkout
INFO 2025-10-28 10:00:48,050 logging 13964 15228 Completed checkout successfully
INFO 2025-10-28 10:00:48,050 basehttp 13964 15228 "GET /checkout/ HTTP/1.1" 200 23454
INFO 2025-10-28 10:00:59,834 logging 13964 10312 Starting checkout
ERROR 2025-10-28 10:00:59,983 logging 13964 10312 Error in step create_order: column "state" of relation "shop_order" does not exist
LINE 1: ..."last_name", "email", "phone", "address", "city", "state", "...
                                                             ^

ERROR 2025-10-28 10:00:59,985 views 13964 10312 Critical error during checkout for user 1
INFO 2025-10-28 10:00:59,990 logging 13964 10312 Completed checkout successfully
INFO 2025-10-28 10:00:59,998 basehttp 13964 10312 "POST /checkout/ HTTP/1.1" 200 24060
INFO 2025-10-28 10:01:46,402 logging 13964 15216 Starting checkout
ERROR 2025-10-28 10:01:46,427 logging 13964 15216 Error in step create_order: column "state" of relation "shop_order" does not exist
LINE 1: ..."last_name", "email", "phone", "address", "city", "state", "...
                                                             ^

ERROR 2025-10-28 10:01:46,432 views 13964 15216 Critical error during checkout for user 1
INFO 2025-10-28 10:01:46,439 logging 13964 15216 Completed checkout successfully
INFO 2025-10-28 10:01:46,448 basehttp 13964 15216 "POST /checkout/ HTTP/1.1" 200 24060
INFO 2025-10-28 10:02:43,137 basehttp 13964 2824 "GET /accounts/logout/ HTTP/1.1" 302 0
INFO 2025-10-28 10:02:43,273 basehttp 13964 2824 "GET / HTTP/1.1" 200 22378
INFO 2025-10-28 10:02:53,501 basehttp 13964 2960 "GET /product/auraglow/ HTTP/1.1" 200 17141
INFO 2025-10-28 10:03:15,642 basehttp 13964 5040 "GET /product/auraglow/ HTTP/1.1" 200 17141
INFO 2025-10-28 10:04:05,258 basehttp 13964 9552 "POST /cart/add/1/ HTTP/1.1" 302 0
INFO 2025-10-28 10:04:05,363 basehttp 13964 9552 "GET /cart/ HTTP/1.1" 200 19527
INFO 2025-10-28 10:04:08,790 basehttp 13964 9552 "GET /checkout/ HTTP/1.1" 302 0
INFO 2025-10-28 10:04:09,004 basehttp 13964 9552 "GET /accounts/login/?next=/checkout/ HTTP/1.1" 200 18991
INFO 2025-10-28 10:04:17,396 basehttp 13964 776 "GET /checkout/ HTTP/1.1" 302 0
INFO 2025-10-28 10:04:17,651 basehttp 13964 776 "GET /accounts/login/?next=/checkout/ HTTP/1.1" 200 18991
INFO 2025-10-28 10:04:34,135 basehttp 13964 17144 "POST /accounts/login/ HTTP/1.1" 302 0
INFO 2025-10-28 10:04:34,254 basehttp 13964 17144 "GET / HTTP/1.1" 200 23794
INFO 2025-10-28 10:04:37,395 basehttp 13964 17144 "GET /product/auraglow/ HTTP/1.1" 200 18557
INFO 2025-10-28 10:04:40,923 basehttp 13964 17144 "POST /cart/add/1/ HTTP/1.1" 302 0
INFO 2025-10-28 10:04:41,140 basehttp 13964 17144 "GET /cart/ HTTP/1.1" 200 20943
INFO 2025-10-28 10:04:43,760 logging 13964 16960 Starting checkout
INFO 2025-10-28 10:04:43,769 logging 13964 16960 Completed checkout successfully
INFO 2025-10-28 10:04:43,778 basehttp 13964 16960 "GET /checkout/ HTTP/1.1" 200 23450
INFO 2025-10-28 10:04:52,585 logging 13964 8676 Starting checkout
ERROR 2025-10-28 10:04:52,606 logging 13964 8676 Error in step create_order: column "state" of relation "shop_order" does not exist
LINE 1: ..."last_name", "email", "phone", "address", "city", "state", "...
                                                             ^

ERROR 2025-10-28 10:04:52,608 views 13964 8676 Critical error during checkout for user 1
INFO 2025-10-28 10:04:52,614 logging 13964 8676 Completed checkout successfully
INFO 2025-10-28 10:04:52,621 basehttp 13964 8676 "POST /checkout/ HTTP/1.1" 200 24057
INFO 2025-10-28 10:09:29,161 basehttp 13964 11272 "GET / HTTP/1.1" 200 23794
INFO 2025-10-28 10:09:34,193 basehttp 13964 4460 "GET /product/auraglow/ HTTP/1.1" 200 18557
INFO 2025-10-28 10:09:37,409 basehttp 13964 4460 "POST /cart/add/1/ HTTP/1.1" 302 0
INFO 2025-10-28 10:09:37,571 basehttp 13964 4460 "GET /cart/ HTTP/1.1" 200 20946
INFO 2025-10-28 10:09:41,106 logging 13964 4460 Starting checkout
INFO 2025-10-28 10:09:41,118 logging 13964 4460 Completed checkout successfully
INFO 2025-10-28 10:09:41,118 basehttp 13964 4460 "GET /checkout/ HTTP/1.1" 200 23454
INFO 2025-10-28 10:09:49,247 logging 13964 14756 Starting checkout
ERROR 2025-10-28 10:09:49,262 logging 13964 14756 Error in step create_order: column "state" of relation "shop_order" does not exist
LINE 1: ..."last_name", "email", "phone", "address", "city", "state", "...
                                                             ^

ERROR 2025-10-28 10:09:49,265 views 13964 14756 Critical error during checkout for user 1
INFO 2025-10-28 10:09:49,278 logging 13964 14756 Completed checkout successfully
INFO 2025-10-28 10:09:49,278 basehttp 13964 14756 "POST /checkout/ HTTP/1.1" 200 24061
INFO 2025-10-28 10:10:48,185 logging 13964 10276 Starting checkout
ERROR 2025-10-28 10:10:48,202 logging 13964 10276 Error in step create_order: column "state" of relation "shop_order" does not exist
LINE 1: ..."last_name", "email", "phone", "address", "city", "state", "...
                                                             ^

ERROR 2025-10-28 10:10:48,236 views 13964 10276 Critical error during checkout for user 1
INFO 2025-10-28 10:10:48,289 logging 13964 10276 Completed checkout successfully
INFO 2025-10-28 10:10:48,329 basehttp 13964 10276 "POST /checkout/ HTTP/1.1" 200 24061
INFO 2025-10-28 10:11:31,058 logging 13964 9728 Starting checkout
ERROR 2025-10-28 10:11:31,079 logging 13964 9728 Error in step create_order: column "state" of relation "shop_order" does not exist
LINE 1: ..."last_name", "email", "phone", "address", "city", "state", "...
                                                             ^

ERROR 2025-10-28 10:11:31,081 views 13964 9728 Critical error during checkout for user 1
INFO 2025-10-28 10:11:31,093 logging 13964 9728 Completed checkout successfully
INFO 2025-10-28 10:11:31,095 basehttp 13964 9728 "POST /checkout/ HTTP/1.1" 200 24061
INFO 2025-10-28 10:11:48,502 logging 13964 8064 Starting checkout
ERROR 2025-10-28 10:11:48,534 logging 13964 8064 Error in step create_order: column "state" of relation "shop_order" does not exist
LINE 1: ..."last_name", "email", "phone", "address", "city", "state", "...
                                                             ^

ERROR 2025-10-28 10:11:48,554 views 13964 8064 Critical error during checkout for user 1
INFO 2025-10-28 10:11:48,568 logging 13964 8064 Completed checkout successfully
INFO 2025-10-28 10:11:48,570 basehttp 13964 8064 "POST /checkout/ HTTP/1.1" 200 24060
INFO 2025-10-28 10:12:24,367 autoreload 13964 14528 C:\Users\Dell\Downloads\ecom\ecommerce\ecommerce\shop\utils\order_processing.py changed, reloading.
INFO 2025-10-28 10:12:24,384 autoreload 10664 9768 C:\Users\Dell\Downloads\ecom\ecommerce\ecommerce\shop\utils\order_processing.py changed, reloading.
INFO 2025-10-28 10:12:24,484 autoreload 10604 16936 C:\Users\Dell\Downloads\ecom\ecommerce\ecommerce\shop\utils\order_processing.py changed, reloading.
INFO 2025-10-28 10:12:27,642 autoreload 13452 6396 Watching for file changes with StatReloader
INFO 2025-10-28 10:12:27,642 autoreload 8012 15616 Watching for file changes with StatReloader
INFO 2025-10-28 10:12:27,755 autoreload 2380 6988 Watching for file changes with StatReloader
INFO 2025-10-28 10:12:56,124 autoreload 13452 6396 C:\Users\Dell\Downloads\ecom\ecommerce\ecommerce\shop\utils\order_processing.py changed, reloading.
INFO 2025-10-28 10:12:56,142 autoreload 8012 15616 C:\Users\Dell\Downloads\ecom\ecommerce\ecommerce\shop\utils\order_processing.py changed, reloading.
INFO 2025-10-28 10:12:56,287 autoreload 2380 6988 C:\Users\Dell\Downloads\ecom\ecommerce\ecommerce\shop\utils\order_processing.py changed, reloading.
INFO 2025-10-28 10:12:58,477 autoreload 7792 9796 Watching for file changes with StatReloader
INFO 2025-10-28 10:12:58,492 autoreload 7768 12040 Watching for file changes with StatReloader
INFO 2025-10-28 10:12:58,616 autoreload 1184 7684 Watching for file changes with StatReloader
INFO 2025-10-28 10:13:20,865 autoreload 1184 7684 C:\Users\Dell\Downloads\ecom\ecommerce\ecommerce\shop\utils\order_processing.py changed, reloading.
INFO 2025-10-28 10:13:20,874 autoreload 7768 12040 C:\Users\Dell\Downloads\ecom\ecommerce\ecommerce\shop\utils\order_processing.py changed, reloading.
INFO 2025-10-28 10:13:20,882 autoreload 7792 9796 C:\Users\Dell\Downloads\ecom\ecommerce\ecommerce\shop\utils\order_processing.py changed, reloading.
INFO 2025-10-28 10:13:23,952 autoreload 6108 10220 Watching for file changes with StatReloader
INFO 2025-10-28 10:13:24,049 autoreload 9204 10864 Watching for file changes with StatReloader
INFO 2025-10-28 10:13:24,070 autoreload 12556 5224 Watching for file changes with StatReloader
INFO 2025-10-28 10:13:55,972 autoreload 12556 5224 C:\Users\Dell\Downloads\ecom\ecommerce\ecommerce\shop\utils\order_processing.py changed, reloading.
INFO 2025-10-28 10:13:57,011 autoreload 9204 10864 C:\Users\Dell\Downloads\ecom\ecommerce\ecommerce\shop\utils\order_processing.py changed, reloading.
INFO 2025-10-28 10:13:57,027 autoreload 6108 10220 C:\Users\Dell\Downloads\ecom\ecommerce\ecommerce\shop\utils\order_processing.py changed, reloading.
INFO 2025-10-28 10:13:59,169 autoreload 17012 14572 Watching for file changes with StatReloader
INFO 2025-10-28 10:13:59,651 autoreload 10908 6332 Watching for file changes with StatReloader
INFO 2025-10-28 10:13:59,741 autoreload 10404 3304 Watching for file changes with StatReloader
INFO 2025-10-28 10:16:58,236 autoreload 10404 3304 C:\Users\Dell\Downloads\ecom\ecommerce\ecommerce\shop\utils\order_processing.py changed, reloading.
INFO 2025-10-28 10:16:58,256 autoreload 17012 14572 C:\Users\Dell\Downloads\ecom\ecommerce\ecommerce\shop\utils\order_processing.py changed, reloading.
INFO 2025-10-28 10:16:58,289 autoreload 10908 6332 C:\Users\Dell\Downloads\ecom\ecommerce\ecommerce\shop\utils\order_processing.py changed, reloading.
INFO 2025-10-28 10:16:59,888 autoreload 15684 14456 Watching for file changes with StatReloader
INFO 2025-10-28 10:16:59,890 autoreload 6080 9072 Watching for file changes with StatReloader
INFO 2025-10-28 10:16:59,902 autoreload 4912 2736 Watching for file changes with StatReloader
INFO 2025-10-28 10:17:12,814 autoreload 3560 6964 Watching for file changes with StatReloader
INFO 2025-10-28 10:18:14,262 autoreload 15684 14456 C:\Users\Dell\Downloads\ecom\ecommerce\ecommerce\shop\utils\order_processing.py changed, reloading.
INFO 2025-10-28 10:18:14,287 autoreload 4912 2736 C:\Users\Dell\Downloads\ecom\ecommerce\ecommerce\shop\utils\order_processing.py changed, reloading.
INFO 2025-10-28 10:18:14,309 autoreload 6080 9072 C:\Users\Dell\Downloads\ecom\ecommerce\ecommerce\shop\utils\order_processing.py changed, reloading.
INFO 2025-10-28 10:18:14,325 autoreload 3560 6964 C:\Users\Dell\Downloads\ecom\ecommerce\ecommerce\shop\utils\order_processing.py changed, reloading.
INFO 2025-10-28 10:18:17,736 autoreload 1876 14008 Watching for file changes with StatReloader
INFO 2025-10-28 10:18:17,796 autoreload 9416 1348 Watching for file changes with StatReloader
INFO 2025-10-28 10:18:17,865 autoreload 2288 9276 Watching for file changes with StatReloader
INFO 2025-10-28 10:18:17,906 autoreload 2652 4008 Watching for file changes with StatReloader
INFO 2025-10-28 10:20:57,972 autoreload 1876 14008 C:\Users\Dell\Downloads\ecom\ecommerce\ecommerce\shop\utils\order_processing.py changed, reloading.
INFO 2025-10-28 10:20:58,055 autoreload 9416 1348 C:\Users\Dell\Downloads\ecom\ecommerce\ecommerce\shop\utils\order_processing.py changed, reloading.
INFO 2025-10-28 10:20:58,092 autoreload 2288 9276 C:\Users\Dell\Downloads\ecom\ecommerce\ecommerce\shop\utils\order_processing.py changed, reloading.
INFO 2025-10-28 10:20:58,126 autoreload 2652 4008 C:\Users\Dell\Downloads\ecom\ecommerce\ecommerce\shop\utils\order_processing.py changed, reloading.
INFO 2025-10-28 10:21:03,083 autoreload 5244 16772 Watching for file changes with StatReloader
INFO 2025-10-28 10:21:03,308 autoreload 13028 192 Watching for file changes with StatReloader
INFO 2025-10-28 10:21:03,427 autoreload 15016 14756 Watching for file changes with StatReloader
INFO 2025-10-28 10:21:03,870 autoreload 5312 10988 Watching for file changes with StatReloader
INFO 2025-10-28 10:22:25,186 autoreload 15016 14756 C:\Users\Dell\Downloads\ecom\ecommerce\ecommerce\shop\utils\order_processing.py changed, reloading.
INFO 2025-10-28 10:22:25,198 autoreload 5312 10988 C:\Users\Dell\Downloads\ecom\ecommerce\ecommerce\shop\utils\order_processing.py changed, reloading.
INFO 2025-10-28 10:22:25,264 autoreload 13028 192 C:\Users\Dell\Downloads\ecom\ecommerce\ecommerce\shop\utils\order_processing.py changed, reloading.
INFO 2025-10-28 10:22:25,517 autoreload 5244 16772 C:\Users\Dell\Downloads\ecom\ecommerce\ecommerce\shop\utils\order_processing.py changed, reloading.
INFO 2025-10-28 10:22:28,651 autoreload 11992 5680 Watching for file changes with StatReloader
INFO 2025-10-28 10:22:28,690 autoreload 12432 3884 Watching for file changes with StatReloader
INFO 2025-10-28 10:22:28,870 autoreload 13912 16548 Watching for file changes with StatReloader
INFO 2025-10-28 10:22:29,339 autoreload 3728 9376 Watching for file changes with StatReloader
INFO 2025-10-28 10:23:16,618 autoreload 3728 9376 C:\Users\Dell\Downloads\ecom\ecommerce\ecommerce\shop\utils\order_processing.py changed, reloading.
INFO 2025-10-28 10:23:16,635 autoreload 11992 5680 C:\Users\Dell\Downloads\ecom\ecommerce\ecommerce\shop\utils\order_processing.py changed, reloading.
INFO 2025-10-28 10:23:16,643 autoreload 12432 3884 C:\Users\Dell\Downloads\ecom\ecommerce\ecommerce\shop\utils\order_processing.py changed, reloading.
INFO 2025-10-28 10:23:16,712 autoreload 13912 16548 C:\Users\Dell\Downloads\ecom\ecommerce\ecommerce\shop\utils\order_processing.py changed, reloading.
INFO 2025-10-28 10:23:19,799 autoreload 14404 11888 Watching for file changes with StatReloader
INFO 2025-10-28 10:23:19,890 autoreload 11488 15728 Watching for file changes with StatReloader
INFO 2025-10-28 10:23:19,977 autoreload 3144 11048 Watching for file changes with StatReloader
INFO 2025-10-28 10:23:21,112 autoreload 13496 5500 Watching for file changes with StatReloader
INFO 2025-10-28 10:23:32,111 autoreload 7744 11660 Watching for file changes with StatReloader
INFO 2025-10-28 10:23:36,810 basehttp 11488 15620 "GET / HTTP/1.1" 200 23794
INFO 2025-10-28 10:23:40,874 basehttp 11488 15620 "GET /product/auraglow/ HTTP/1.1" 200 18557
INFO 2025-10-28 10:23:43,341 basehttp 11488 15620 "POST /cart/add/1/ HTTP/1.1" 302 0
INFO 2025-10-28 10:23:43,498 basehttp 11488 15620 "GET /cart/ HTTP/1.1" 200 20946
INFO 2025-10-28 10:23:46,088 logging 11488 12136 Starting checkout
INFO 2025-10-28 10:23:46,113 logging 11488 12136 Completed checkout successfully
INFO 2025-10-28 10:23:46,116 basehttp 11488 12136 "GET /checkout/ HTTP/1.1" 200 23454
INFO 2025-10-28 10:23:54,495 logging 11488 14848 Starting checkout
ERROR 2025-10-28 10:23:54,637 logging 11488 14848 Error in step create_order: column "state" of relation "shop_order" does not exist
LINE 1: ..."last_name", "email", "phone", "address", "city", "state", "...
                                                             ^

ERROR 2025-10-28 10:23:54,639 views 11488 14848 Critical error during checkout for user 1
INFO 2025-10-28 10:23:54,653 logging 11488 14848 Completed checkout successfully
INFO 2025-10-28 10:23:54,656 basehttp 11488 14848 "POST /checkout/ HTTP/1.1" 200 24060
INFO 2025-10-28 10:24:23,897 autoreload 17332 12152 Watching for file changes with StatReloader
INFO 2025-10-28 10:24:27,416 basehttp 11488 11536 "GET / HTTP/1.1" 200 23794
INFO 2025-10-28 10:24:30,284 basehttp 11488 11536 "GET /product/auraglow/ HTTP/1.1" 200 18557
INFO 2025-10-28 10:24:33,951 basehttp 11488 11536 "POST /cart/add/1/ HTTP/1.1" 302 0
INFO 2025-10-28 10:24:34,158 basehttp 11488 11536 "GET /cart/ HTTP/1.1" 200 20946
INFO 2025-10-28 10:24:47,514 logging 11488 15416 Starting checkout
INFO 2025-10-28 10:24:47,527 logging 11488 15416 Completed checkout successfully
INFO 2025-10-28 10:24:47,535 basehttp 11488 15416 "GET /checkout/ HTTP/1.1" 200 23454
INFO 2025-10-28 10:25:03,897 logging 11488 10996 Starting checkout
ERROR 2025-10-28 10:25:03,926 logging 11488 10996 Error in step create_order: column "state" of relation "shop_order" does not exist
LINE 1: ..."last_name", "email", "phone", "address", "city", "state", "...
                                                             ^

ERROR 2025-10-28 10:25:03,933 views 11488 10996 Critical error during checkout for user 1
INFO 2025-10-28 10:25:03,965 logging 11488 10996 Completed checkout successfully
INFO 2025-10-28 10:25:03,976 basehttp 11488 10996 "POST /checkout/ HTTP/1.1" 200 24060
INFO 2025-10-28 10:49:00,484 logging 11488 15252 Starting checkout
ERROR 2025-10-28 10:49:00,541 logging 11488 15252 Error in step create_order: column "state" of relation "shop_order" does not exist
LINE 1: ..."last_name", "email", "phone", "address", "city", "state", "...
                                                             ^

ERROR 2025-10-28 10:49:00,549 views 11488 15252 Critical error during checkout for user 1
INFO 2025-10-28 10:49:00,571 logging 11488 15252 Completed checkout successfully
INFO 2025-10-28 10:49:00,572 basehttp 11488 15252 "POST /checkout/ HTTP/1.1" 200 24060
INFO 2025-10-28 10:49:47,519 basehttp 11488 2652 "GET / HTTP/1.1" 200 23794
INFO 2025-10-28 10:49:50,999 basehttp 11488 8688 "GET /product/auraglow/ HTTP/1.1" 200 18557
INFO 2025-10-28 10:49:53,574 basehttp 11488 6420 "POST /cart/add/1/ HTTP/1.1" 302 0
INFO 2025-10-28 10:49:53,773 basehttp 11488 6420 "GET /cart/ HTTP/1.1" 200 20946
INFO 2025-10-28 10:49:57,310 logging 11488 6420 Starting checkout
INFO 2025-10-28 10:49:57,323 logging 11488 6420 Completed checkout successfully
INFO 2025-10-28 10:49:57,323 basehttp 11488 6420 "GET /checkout/ HTTP/1.1" 200 23454
INFO 2025-10-28 10:50:08,983 logging 11488 6420 Starting checkout
ERROR 2025-10-28 10:50:08,996 logging 11488 6420 Error in step create_order: column "state" of relation "shop_order" does not exist
LINE 1: ..."last_name", "email", "phone", "address", "city", "state", "...
                                                             ^

ERROR 2025-10-28 10:50:09,003 views 11488 6420 Critical error during checkout for user 1
INFO 2025-10-28 10:50:09,008 logging 11488 6420 Completed checkout successfully
INFO 2025-10-28 10:50:09,016 basehttp 11488 6420 "POST /checkout/ HTTP/1.1" 200 24060
INFO 2025-10-28 10:53:10,361 autoreload 13496 5500 C:\Users\Dell\Downloads\ecom\ecommerce\ecommerce\shop\utils\order_processing.py changed, reloading.
INFO 2025-10-28 10:53:10,453 autoreload 14404 11888 C:\Users\Dell\Downloads\ecom\ecommerce\ecommerce\shop\utils\order_processing.py changed, reloading.
INFO 2025-10-28 10:53:10,478 autoreload 7744 11660 C:\Users\Dell\Downloads\ecom\ecommerce\ecommerce\shop\utils\order_processing.py changed, reloading.
INFO 2025-10-28 10:53:10,544 autoreload 11488 15728 C:\Users\Dell\Downloads\ecom\ecommerce\ecommerce\shop\utils\order_processing.py changed, reloading.
INFO 2025-10-28 10:53:10,534 autoreload 3144 11048 C:\Users\Dell\Downloads\ecom\ecommerce\ecommerce\shop\utils\order_processing.py changed, reloading.
INFO 2025-10-28 10:53:10,619 autoreload 17332 12152 C:\Users\Dell\Downloads\ecom\ecommerce\ecommerce\shop\utils\order_processing.py changed, reloading.
INFO 2025-10-28 10:53:15,965 autoreload 5856 8548 Watching for file changes with StatReloader
INFO 2025-10-28 10:53:16,409 autoreload 14944 8408 Watching for file changes with StatReloader
INFO 2025-10-28 10:53:16,542 autoreload 8616 216 Watching for file changes with StatReloader
INFO 2025-10-28 10:53:16,855 autoreload 8976 14448 Watching for file changes with StatReloader
INFO 2025-10-28 10:53:17,262 autoreload 5784 13100 Watching for file changes with StatReloader
INFO 2025-10-28 10:53:17,529 autoreload 10264 1076 Watching for file changes with StatReloader
INFO 2025-10-28 10:54:43,256 basehttp 5856 10888 "GET / HTTP/1.1" 200 23794
INFO 2025-10-28 10:54:47,574 basehttp 5856 6124 "GET /product/auraglow/ HTTP/1.1" 200 18557
INFO 2025-10-28 10:54:50,646 basehttp 5856 6124 "POST /cart/add/1/ HTTP/1.1" 302 0
INFO 2025-10-28 10:54:50,750 basehttp 5856 6124 "GET /cart/ HTTP/1.1" 200 20946
INFO 2025-10-28 10:54:57,465 basehttp 5856 9244 "POST /cart/add/1/ HTTP/1.1" 302 0
INFO 2025-10-28 10:54:57,560 basehttp 5856 9244 "GET /cart/ HTTP/1.1" 200 20946
INFO 2025-10-28 10:55:01,440 logging 5856 9244 Starting checkout
INFO 2025-10-28 10:55:01,491 logging 5856 9244 Completed checkout successfully
INFO 2025-10-28 10:55:01,508 basehttp 5856 9244 "GET /checkout/ HTTP/1.1" 200 23454
INFO 2025-10-28 10:55:13,384 logging 5856 9244 Starting checkout
ERROR 2025-10-28 10:55:13,505 logging 5856 9244 Error in step create_order: column "state" of relation "shop_order" does not exist
LINE 1: ..."last_name", "email", "phone", "address", "city", "state", "...
                                                             ^

ERROR 2025-10-28 10:55:13,507 views 5856 9244 Critical error during checkout for user 1
INFO 2025-10-28 10:55:13,521 logging 5856 9244 Completed checkout successfully
INFO 2025-10-28 10:55:13,523 basehttp 5856 9244 "POST /checkout/ HTTP/1.1" 200 24060
INFO 2025-10-28 10:55:54,198 logging 5856 17128 Starting checkout
INFO 2025-10-28 10:55:54,208 logging 5856 17128 Completed checkout successfully
INFO 2025-10-28 10:55:54,208 basehttp 5856 17128 "GET /checkout/ HTTP/1.1" 200 23454
INFO 2025-10-28 10:55:59,759 logging 5856 12920 Starting checkout
INFO 2025-10-28 10:55:59,772 logging 5856 12920 Completed checkout successfully
INFO 2025-10-28 10:55:59,781 basehttp 5856 12920 "GET /checkout/ HTTP/1.1" 200 23454
INFO 2025-10-28 10:56:13,888 basehttp 5856 2380 "GET /?search=test&category=&brand=&price_range=&sort_by= HTTP/1.1" 200 21574
INFO 2025-10-28 10:56:18,839 basehttp 5856 2380 "GET /product/auraglow/ HTTP/1.1" 200 18557
INFO 2025-10-28 10:56:21,058 basehttp 5856 12968 "POST /cart/add/1/ HTTP/1.1" 302 0
INFO 2025-10-28 10:56:21,184 basehttp 5856 12968 "GET /cart/ HTTP/1.1" 200 20946
INFO 2025-10-28 10:56:28,401 basehttp 5856 12968 "POST /cart/add/1/ HTTP/1.1" 302 0
INFO 2025-10-28 10:56:28,580 basehttp 5856 12968 "GET /cart/ HTTP/1.1" 200 20946
INFO 2025-10-28 10:56:31,150 logging 5856 12968 Starting checkout
INFO 2025-10-28 10:56:31,168 logging 5856 12968 Completed checkout successfully
INFO 2025-10-28 10:56:31,170 basehttp 5856 12968 "GET /checkout/ HTTP/1.1" 200 23454
INFO 2025-10-28 10:56:43,872 basehttp 5856 12968 "GET /accounts/logout/ HTTP/1.1" 302 0
INFO 2025-10-28 10:56:44,051 basehttp 5856 12968 "GET / HTTP/1.1" 200 22378
INFO 2025-10-28 10:56:47,773 basehttp 5856 12968 "GET /accounts/login/ HTTP/1.1" 200 18991
INFO 2025-10-28 10:56:50,557 basehttp 5856 12968 "GET /accounts/register/ HTTP/1.1" 200 31096
ERROR 2025-10-28 10:57:46,347 log 5856 15884 Internal Server Error: /accounts/register/
Traceback (most recent call last):
  File "C:\Users\Dell\AppData\Local\Programs\Python\Python312\Lib\site-packages\django\core\handlers\exception.py", line 55, in inner
    response = get_response(request)
               ^^^^^^^^^^^^^^^^^^^^^
  File "C:\Users\Dell\AppData\Local\Programs\Python\Python312\Lib\site-packages\django\core\handlers\base.py", line 197, in _get_response
    response = wrapped_callback(request, *callback_args, **callback_kwargs)
               ^^^^^^^^^^^^^^^^^^^^^^^^^^^^^^^^^^^^^^^^^^^^^^^^^^^^^^^^^^^^
  File "C:\Users\Dell\Downloads\ecom\ecommerce\ecommerce\accounts\views\__init__.py", line 10, in register
    user = form.save()
           ^^^^^^^^^^^
  File "C:\Users\Dell\AppData\Local\Programs\Python\Python312\Lib\site-packages\django\contrib\auth\forms.py", line 265, in save
    user = self.set_password_and_save(user, commit=commit)
           ^^^^^^^^^^^^^^^^^^^^^^^^^^^^^^^^^^^^^^^^^^^^^^^
  File "C:\Users\Dell\AppData\Local\Programs\Python\Python312\Lib\site-packages\django\contrib\auth\forms.py", line 154, in set_password_and_save
    user.save()
  File "C:\Users\Dell\AppData\Local\Programs\Python\Python312\Lib\site-packages\django\contrib\auth\base_user.py", line 65, in save
    super().save(*args, **kwargs)
  File "C:\Users\Dell\AppData\Local\Programs\Python\Python312\Lib\site-packages\django\db\models\base.py", line 902, in save
    self.save_base(
  File "C:\Users\Dell\AppData\Local\Programs\Python\Python312\Lib\site-packages\django\db\models\base.py", line 1023, in save_base
    post_save.send(
  File "C:\Users\Dell\AppData\Local\Programs\Python\Python312\Lib\site-packages\django\dispatch\dispatcher.py", line 189, in send
    response = receiver(signal=self, sender=sender, **named)
               ^^^^^^^^^^^^^^^^^^^^^^^^^^^^^^^^^^^^^^^^^^^^^
  File "C:\Users\Dell\Downloads\ecom\ecommerce\ecommerce\accounts\signals.py", line 29, in send_welcome_email
    send_mail(
  File "C:\Users\Dell\AppData\Local\Programs\Python\Python312\Lib\site-packages\django\core\mail\__init__.py", line 92, in send_mail
    return mail.send()
           ^^^^^^^^^^^
  File "C:\Users\Dell\AppData\Local\Programs\Python\Python312\Lib\site-packages\django\core\mail\message.py", line 307, in send
    return self.get_connection(fail_silently).send_messages([self])
           ^^^^^^^^^^^^^^^^^^^^^^^^^^^^^^^^^^^^^^^^^^^^^^^^^^^^^^^^
  File "C:\Users\Dell\AppData\Local\Programs\Python\Python312\Lib\site-packages\django\core\mail\backends\smtp.py", line 128, in send_messages
    new_conn_created = self.open()
                       ^^^^^^^^^^^
  File "C:\Users\Dell\AppData\Local\Programs\Python\Python312\Lib\site-packages\django\core\mail\backends\smtp.py", line 86, in open
    self.connection = self.connection_class(
                      ^^^^^^^^^^^^^^^^^^^^^^
  File "C:\Users\Dell\AppData\Local\Programs\Python\Python312\Lib\smtplib.py", line 255, in __init__
    (code, msg) = self.connect(host, port)
                  ^^^^^^^^^^^^^^^^^^^^^^^^
  File "C:\Users\Dell\AppData\Local\Programs\Python\Python312\Lib\smtplib.py", line 341, in connect
    self.sock = self._get_socket(host, port, self.timeout)
                ^^^^^^^^^^^^^^^^^^^^^^^^^^^^^^^^^^^^^^^^^^
  File "C:\Users\Dell\AppData\Local\Programs\Python\Python312\Lib\smtplib.py", line 312, in _get_socket
    return socket.create_connection((host, port), timeout,
           ^^^^^^^^^^^^^^^^^^^^^^^^^^^^^^^^^^^^^^^^^^^^^^^
  File "C:\Users\Dell\AppData\Local\Programs\Python\Python312\Lib\socket.py", line 841, in create_connection
    for res in getaddrinfo(host, port, 0, SOCK_STREAM):
               ^^^^^^^^^^^^^^^^^^^^^^^^^^^^^^^^^^^^^^^
  File "C:\Users\Dell\AppData\Local\Programs\Python\Python312\Lib\socket.py", line 978, in getaddrinfo
    for res in _socket.getaddrinfo(host, port, family, type, proto, flags):
               ^^^^^^^^^^^^^^^^^^^^^^^^^^^^^^^^^^^^^^^^^^^^^^^^^^^^^^^^^^^
socket.gaierror: [Errno 11001] getaddrinfo failed
ERROR 2025-10-28 10:57:46,361 basehttp 5856 15884 "POST /accounts/register/ HTTP/1.1" 500 167297
WARNING 2025-10-28 10:57:46,607 basehttp 5856 15884 "GET /favicon.ico HTTP/1.1" 404 5716
INFO 2025-10-28 11:02:00,073 basehttp 5856 13868 "POST /accounts/register/ HTTP/1.1" 200 31631
INFO 2025-10-28 11:03:00,755 autoreload 10440 2600 Watching for file changes with StatReloader
INFO 2025-10-28 11:03:03,848 basehttp 5856 12360 "GET / HTTP/1.1" 200 22378
INFO 2025-10-28 11:03:08,386 basehttp 5856 12360 "GET /accounts/login/ HTTP/1.1" 200 18991
INFO 2025-10-28 11:03:17,299 basehttp 5856 14672 "GET /accounts/register/ HTTP/1.1" 200 31096
INFO 2025-10-28 11:03:58,969 basehttp 5856 1604 "POST /accounts/register/ HTTP/1.1" 200 31631
INFO 2025-10-28 11:04:29,246 autoreload 8616 216 C:\Users\Dell\Downloads\ecom\ecommerce\ecommerce\shop\utils\order_processing.py changed, reloading.
INFO 2025-10-28 11:04:29,253 autoreload 10440 2600 C:\Users\Dell\Downloads\ecom\ecommerce\ecommerce\shop\utils\order_processing.py changed, reloading.
INFO 2025-10-28 11:04:29,271 autoreload 14944 8408 C:\Users\Dell\Downloads\ecom\ecommerce\ecommerce\shop\utils\order_processing.py changed, reloading.
INFO 2025-10-28 11:04:29,271 autoreload 8976 14448 C:\Users\Dell\Downloads\ecom\ecommerce\ecommerce\shop\utils\order_processing.py changed, reloading.
INFO 2025-10-28 11:04:29,328 autoreload 5856 8548 C:\Users\Dell\Downloads\ecom\ecommerce\ecommerce\shop\utils\order_processing.py changed, reloading.
INFO 2025-10-28 11:04:29,335 autoreload 10264 1076 C:\Users\Dell\Downloads\ecom\ecommerce\ecommerce\shop\utils\order_processing.py changed, reloading.
INFO 2025-10-28 11:04:29,335 autoreload 5784 13100 C:\Users\Dell\Downloads\ecom\ecommerce\ecommerce\shop\utils\order_processing.py changed, reloading.
INFO 2025-10-28 11:04:35,071 autoreload 11444 9516 Watching for file changes with StatReloader
INFO 2025-10-28 11:04:35,349 autoreload 11780 15388 Watching for file changes with StatReloader
INFO 2025-10-28 11:04:35,406 autoreload 7980 15840 Watching for file changes with StatReloader
INFO 2025-10-28 11:04:36,437 autoreload 9896 6684 Watching for file changes with StatReloader
INFO 2025-10-28 11:04:36,702 autoreload 15528 1424 Watching for file changes with StatReloader
INFO 2025-10-28 11:04:37,200 autoreload 12968 10868 Watching for file changes with StatReloader
INFO 2025-10-28 11:04:37,454 autoreload 1684 16220 Watching for file changes with StatReloader
INFO 2025-10-28 11:08:14,703 autoreload 15528 1424 C:\Users\Dell\Downloads\ecom\ecommerce\ecommerce\shop\migrations\0001_initial.py changed, reloading.
INFO 2025-10-28 11:08:14,725 autoreload 9896 6684 C:\Users\Dell\Downloads\ecom\ecommerce\ecommerce\shop\migrations\0001_initial.py changed, reloading.
INFO 2025-10-28 11:08:15,168 autoreload 12968 10868 C:\Users\Dell\Downloads\ecom\ecommerce\ecommerce\shop\migrations\0001_initial.py changed, reloading.
INFO 2025-10-28 11:08:15,475 autoreload 7980 15840 C:\Users\Dell\Downloads\ecom\ecommerce\ecommerce\shop\migrations\0001_initial.py changed, reloading.
INFO 2025-10-28 11:08:15,522 autoreload 11780 15388 C:\Users\Dell\Downloads\ecom\ecommerce\ecommerce\shop\migrations\0001_initial.py changed, reloading.
INFO 2025-10-28 11:08:15,587 autoreload 1684 16220 C:\Users\Dell\Downloads\ecom\ecommerce\ecommerce\shop\migrations\0001_initial.py changed, reloading.
INFO 2025-10-28 11:08:15,559 autoreload 11444 9516 C:\Users\Dell\Downloads\ecom\ecommerce\ecommerce\shop\migrations\0001_initial.py changed, reloading.
INFO 2025-10-28 11:08:20,750 autoreload 13780 11576 Watching for file changes with StatReloader
INFO 2025-10-28 11:08:20,761 autoreload 9512 6088 Watching for file changes with StatReloader
INFO 2025-10-28 11:08:21,599 autoreload 11608 5928 Watching for file changes with StatReloader
INFO 2025-10-28 11:08:21,959 autoreload 5716 13160 Watching for file changes with StatReloader
INFO 2025-10-28 11:08:22,134 autoreload 15424 9144 Watching for file changes with StatReloader
INFO 2025-10-28 11:08:22,166 autoreload 13248 13452 Watching for file changes with StatReloader
INFO 2025-10-28 11:08:22,484 autoreload 12336 8364 Watching for file changes with StatReloader
INFO 2025-10-28 11:12:05,879 autoreload 16764 6820 Watching for file changes with StatReloader
INFO 2025-10-28 11:12:09,620 basehttp 13780 6296 "GET / HTTP/1.1" 200 22378
INFO 2025-10-28 11:12:12,826 basehttp 13780 6296 "GET /product/auraglow/ HTTP/1.1" 200 17141
INFO 2025-10-28 11:12:15,607 basehttp 13780 6296 "POST /cart/add/1/ HTTP/1.1" 302 0
INFO 2025-10-28 11:12:15,866 basehttp 13780 6296 "GET /cart/ HTTP/1.1" 200 19527
INFO 2025-10-28 11:12:19,459 basehttp 13780 14776 "GET /checkout/ HTTP/1.1" 302 0
INFO 2025-10-28 11:12:19,678 basehttp 13780 14776 "GET /accounts/login/?next=/checkout/ HTTP/1.1" 200 18991
INFO 2025-10-28 11:15:48,907 autoreload 15424 9144 C:\Users\Dell\Downloads\ecom\ecommerce\ecommerce\accounts\signals.py changed, reloading.
INFO 2025-10-28 11:15:48,990 autoreload 11608 5928 C:\Users\Dell\Downloads\ecom\ecommerce\ecommerce\accounts\signals.py changed, reloading.
INFO 2025-10-28 11:15:49,022 autoreload 16764 6820 C:\Users\Dell\Downloads\ecom\ecommerce\ecommerce\accounts\signals.py changed, reloading.
INFO 2025-10-28 11:15:49,107 autoreload 12336 8364 C:\Users\Dell\Downloads\ecom\ecommerce\ecommerce\accounts\signals.py changed, reloading.
INFO 2025-10-28 11:15:49,158 autoreload 5716 13160 C:\Users\Dell\Downloads\ecom\ecommerce\ecommerce\accounts\signals.py changed, reloading.
INFO 2025-10-28 11:15:49,175 autoreload 13248 13452 C:\Users\Dell\Downloads\ecom\ecommerce\ecommerce\accounts\signals.py changed, reloading.
INFO 2025-10-28 11:15:49,208 autoreload 13780 11576 C:\Users\Dell\Downloads\ecom\ecommerce\ecommerce\accounts\signals.py changed, reloading.
INFO 2025-10-28 11:15:49,244 autoreload 9512 6088 C:\Users\Dell\Downloads\ecom\ecommerce\ecommerce\accounts\signals.py changed, reloading.
INFO 2025-10-28 11:15:54,007 autoreload 10596 6756 Watching for file changes with StatReloader
INFO 2025-10-28 11:15:54,230 autoreload 5240 7272 Watching for file changes with StatReloader
INFO 2025-10-28 11:15:54,256 autoreload 12656 16404 Watching for file changes with StatReloader
INFO 2025-10-28 11:15:54,554 autoreload 5504 15180 Watching for file changes with StatReloader
INFO 2025-10-28 11:15:54,859 autoreload 3904 14888 Watching for file changes with StatReloader
INFO 2025-10-28 11:15:55,425 autoreload 13032 6952 Watching for file changes with StatReloader
INFO 2025-10-28 11:15:55,408 autoreload 9148 8804 Watching for file changes with StatReloader
INFO 2025-10-28 11:15:55,913 autoreload 13580 12016 Watching for file changes with StatReloader
INFO 2025-10-28 11:16:04,042 autoreload 9148 8804 C:\Users\Dell\Downloads\ecom\ecommerce\ecommerce\accounts\signals.py changed, reloading.
INFO 2025-10-28 11:16:04,107 autoreload 10596 6756 C:\Users\Dell\Downloads\ecom\ecommerce\ecommerce\accounts\signals.py changed, reloading.
INFO 2025-10-28 11:16:04,329 autoreload 12656 16404 C:\Users\Dell\Downloads\ecom\ecommerce\ecommerce\accounts\signals.py changed, reloading.
INFO 2025-10-28 11:16:04,318 autoreload 13032 6952 C:\Users\Dell\Downloads\ecom\ecommerce\ecommerce\accounts\signals.py changed, reloading.
INFO 2025-10-28 11:16:04,424 autoreload 13580 12016 C:\Users\Dell\Downloads\ecom\ecommerce\ecommerce\accounts\signals.py changed, reloading.
INFO 2025-10-28 11:16:04,452 autoreload 3904 14888 C:\Users\Dell\Downloads\ecom\ecommerce\ecommerce\accounts\signals.py changed, reloading.
INFO 2025-10-28 11:16:04,472 autoreload 5240 7272 C:\Users\Dell\Downloads\ecom\ecommerce\ecommerce\accounts\signals.py changed, reloading.
INFO 2025-10-28 11:16:04,750 autoreload 5504 15180 C:\Users\Dell\Downloads\ecom\ecommerce\ecommerce\accounts\signals.py changed, reloading.
INFO 2025-10-28 11:16:09,419 autoreload 7328 9884 Watching for file changes with StatReloader
INFO 2025-10-28 11:16:09,542 autoreload 12480 11260 Watching for file changes with StatReloader
INFO 2025-10-28 11:16:10,031 autoreload 15000 16892 Watching for file changes with StatReloader
INFO 2025-10-28 11:16:10,073 autoreload 5140 14200 Watching for file changes with StatReloader
INFO 2025-10-28 11:16:10,105 autoreload 8468 1492 Watching for file changes with StatReloader
INFO 2025-10-28 11:16:10,508 autoreload 10112 7732 Watching for file changes with StatReloader
INFO 2025-10-28 11:16:10,786 autoreload 15664 1596 Watching for file changes with StatReloader
INFO 2025-10-28 11:16:11,156 autoreload 6508 12212 Watching for file changes with StatReloader
INFO 2025-10-28 11:17:35,778 autoreload 8468 1492 C:\Users\Dell\Downloads\ecom\ecommerce\ecommerce\accounts\signals.py changed, reloading.
INFO 2025-10-28 11:17:35,905 autoreload 10112 7732 C:\Users\Dell\Downloads\ecom\ecommerce\ecommerce\accounts\signals.py changed, reloading.
INFO 2025-10-28 11:17:35,905 autoreload 15664 1596 C:\Users\Dell\Downloads\ecom\ecommerce\ecommerce\accounts\signals.py changed, reloading.
INFO 2025-10-28 11:17:35,918 autoreload 15000 16892 C:\Users\Dell\Downloads\ecom\ecommerce\ecommerce\accounts\signals.py changed, reloading.
INFO 2025-10-28 11:17:36,136 autoreload 12480 11260 C:\Users\Dell\Downloads\ecom\ecommerce\ecommerce\accounts\signals.py changed, reloading.
INFO 2025-10-28 11:17:36,162 autoreload 5140 14200 C:\Users\Dell\Downloads\ecom\ecommerce\ecommerce\accounts\signals.py changed, reloading.
INFO 2025-10-28 11:17:36,195 autoreload 7328 9884 C:\Users\Dell\Downloads\ecom\ecommerce\ecommerce\accounts\signals.py changed, reloading.
INFO 2025-10-28 11:17:36,246 autoreload 6508 12212 C:\Users\Dell\Downloads\ecom\ecommerce\ecommerce\accounts\signals.py changed, reloading.
INFO 2025-10-28 11:17:40,205 autoreload 9976 5796 Watching for file changes with StatReloader
INFO 2025-10-28 11:17:40,632 autoreload 8708 8656 Watching for file changes with StatReloader
INFO 2025-10-28 11:17:40,911 autoreload 13340 10020 Watching for file changes with StatReloader
INFO 2025-10-28 11:17:41,055 autoreload 9084 4144 Watching for file changes with StatReloader
INFO 2025-10-28 11:17:41,480 autoreload 11280 5412 Watching for file changes with StatReloader
INFO 2025-10-28 11:17:42,059 autoreload 15812 7156 Watching for file changes with StatReloader
INFO 2025-10-28 11:17:42,300 autoreload 14768 5800 Watching for file changes with StatReloader
INFO 2025-10-28 11:17:44,805 autoreload 11276 2644 Watching for file changes with StatReloader
INFO 2025-10-28 11:22:29,488 autoreload 14636 4364 Watching for file changes with StatReloader
INFO 2025-10-28 11:22:32,903 basehttp 9976 1660 "GET / HTTP/1.1" 200 22378
INFO 2025-10-28 11:22:44,764 basehttp 9976 8276 "GET /accounts/login/ HTTP/1.1" 200 18991
INFO 2025-10-28 11:22:47,485 basehttp 9976 8276 "GET /accounts/register/ HTTP/1.1" 200 31096
INFO 2025-10-28 11:23:37,685 basehttp 9976 15884 "POST /accounts/register/ HTTP/1.1" 302 0
INFO 2025-10-28 11:23:37,931 basehttp 9976 15884 "GET / HTTP/1.1" 200 23796
INFO 2025-10-28 11:26:28,025 basehttp 9976 8936 "GET / HTTP/1.1" 200 23796
INFO 2025-10-28 11:27:37,853 basehttp 9976 2936 "GET /product/auraglow/ HTTP/1.1" 200 18559
INFO 2025-10-28 11:27:40,789 basehttp 9976 2936 "POST /cart/add/1/ HTTP/1.1" 302 0
INFO 2025-10-28 11:27:40,903 basehttp 9976 2936 "GET /cart/ HTTP/1.1" 200 20945
INFO 2025-10-28 11:27:47,440 logging 9976 3996 Starting checkout
INFO 2025-10-28 11:27:47,469 logging 9976 3996 Completed checkout successfully
INFO 2025-10-28 11:27:47,469 basehttp 9976 3996 "GET /checkout/ HTTP/1.1" 200 23475
INFO 2025-10-28 11:28:18,606 logging 9976 8904 Starting checkout
ERROR 2025-10-28 11:28:18,644 logging 9976 8904 Error in step create_order: column "state" of relation "shop_order" does not exist
LINE 1: ..."last_name", "email", "phone", "address", "city", "state", "...
                                                             ^

ERROR 2025-10-28 11:28:18,646 views 9976 8904 Critical error during checkout for user 18
INFO 2025-10-28 11:28:18,663 logging 9976 8904 Completed checkout successfully
INFO 2025-10-28 11:28:18,666 basehttp 9976 8904 "POST /checkout/ HTTP/1.1" 200 24050
INFO 2025-10-28 11:28:31,405 logging 9976 6668 Starting checkout
INFO 2025-10-28 11:28:31,434 logging 9976 6668 Completed checkout successfully
INFO 2025-10-28 11:28:31,434 basehttp 9976 6668 "GET /checkout/ HTTP/1.1" 200 23475
INFO 2025-10-28 11:28:39,036 basehttp 9976 836 "GET /cart/ HTTP/1.1" 200 20945
INFO 2025-10-28 11:29:49,924 basehttp 9976 13092 "GET / HTTP/1.1" 200 23796
INFO 2025-10-28 11:30:00,067 basehttp 9976 12484 "GET /cart/ HTTP/1.1" 200 20945
INFO 2025-10-28 11:30:12,974 basehttp 9976 17240 "GET /track-order/ HTTP/1.1" 200 17787
ERROR 2025-10-28 11:30:24,750 log 9976 15784 Internal Server Error: /orders/
Traceback (most recent call last):
  File "C:\Users\Dell\AppData\Local\Programs\Python\Python312\Lib\site-packages\django\db\backends\utils.py", line 105, in _execute
    return self.cursor.execute(sql, params)
           ^^^^^^^^^^^^^^^^^^^^^^^^^^^^^^^^
psycopg2.errors.UndefinedColumn: column shop_order.state does not exist
LINE 1: ...ne", "shop_order"."address", "shop_order"."city", "shop_orde...
                                                             ^
HINT:  Perhaps you meant to reference the column "shop_order.status".


The above exception was the direct cause of the following exception:

Traceback (most recent call last):
  File "C:\Users\Dell\AppData\Local\Programs\Python\Python312\Lib\site-packages\django\core\handlers\exception.py", line 55, in inner
    response = get_response(request)
               ^^^^^^^^^^^^^^^^^^^^^
  File "C:\Users\Dell\AppData\Local\Programs\Python\Python312\Lib\site-packages\django\core\handlers\base.py", line 197, in _get_response
    response = wrapped_callback(request, *callback_args, **callback_kwargs)
               ^^^^^^^^^^^^^^^^^^^^^^^^^^^^^^^^^^^^^^^^^^^^^^^^^^^^^^^^^^^^
  File "C:\Users\Dell\AppData\Local\Programs\Python\Python312\Lib\site-packages\django\contrib\auth\decorators.py", line 59, in _view_wrapper
    return view_func(request, *args, **kwargs)
           ^^^^^^^^^^^^^^^^^^^^^^^^^^^^^^^^^^^
  File "C:\Users\Dell\Downloads\ecom\ecommerce\ecommerce\shop\views.py", line 429, in order_list
    return render(request, 'shop/order_list.html', {'orders': orders})
           ^^^^^^^^^^^^^^^^^^^^^^^^^^^^^^^^^^^^^^^^^^^^^^^^^^^^^^^^^^^
  File "C:\Users\Dell\AppData\Local\Programs\Python\Python312\Lib\site-packages\django\shortcuts.py", line 25, in render
    content = loader.render_to_string(template_name, context, request, using=using)
              ^^^^^^^^^^^^^^^^^^^^^^^^^^^^^^^^^^^^^^^^^^^^^^^^^^^^^^^^^^^^^^^^^^^^^
  File "C:\Users\Dell\AppData\Local\Programs\Python\Python312\Lib\site-packages\django\template\loader.py", line 62, in render_to_string
    return template.render(context, request)
           ^^^^^^^^^^^^^^^^^^^^^^^^^^^^^^^^^
  File "C:\Users\Dell\AppData\Local\Programs\Python\Python312\Lib\site-packages\django\template\backends\django.py", line 107, in render
    return self.template.render(context)
           ^^^^^^^^^^^^^^^^^^^^^^^^^^^^^
  File "C:\Users\Dell\AppData\Local\Programs\Python\Python312\Lib\site-packages\django\template\base.py", line 171, in render
    return self._render(context)
           ^^^^^^^^^^^^^^^^^^^^^
  File "C:\Users\Dell\AppData\Local\Programs\Python\Python312\Lib\site-packages\django\template\base.py", line 163, in _render
    return self.nodelist.render(context)
           ^^^^^^^^^^^^^^^^^^^^^^^^^^^^^
  File "C:\Users\Dell\AppData\Local\Programs\Python\Python312\Lib\site-packages\django\template\base.py", line 1016, in render
    return SafeString("".join([node.render_annotated(context) for node in self]))
                               ^^^^^^^^^^^^^^^^^^^^^^^^^^^^^^
  File "C:\Users\Dell\AppData\Local\Programs\Python\Python312\Lib\site-packages\django\template\base.py", line 977, in render_annotated
    return self.render(context)
           ^^^^^^^^^^^^^^^^^^^^
  File "C:\Users\Dell\AppData\Local\Programs\Python\Python312\Lib\site-packages\django\template\loader_tags.py", line 159, in render
    return compiled_parent._render(context)
           ^^^^^^^^^^^^^^^^^^^^^^^^^^^^^^^^
  File "C:\Users\Dell\AppData\Local\Programs\Python\Python312\Lib\site-packages\django\template\base.py", line 163, in _render
    return self.nodelist.render(context)
           ^^^^^^^^^^^^^^^^^^^^^^^^^^^^^
  File "C:\Users\Dell\AppData\Local\Programs\Python\Python312\Lib\site-packages\django\template\base.py", line 1016, in render
    return SafeString("".join([node.render_annotated(context) for node in self]))
                               ^^^^^^^^^^^^^^^^^^^^^^^^^^^^^^
  File "C:\Users\Dell\AppData\Local\Programs\Python\Python312\Lib\site-packages\django\template\base.py", line 977, in render_annotated
    return self.render(context)
           ^^^^^^^^^^^^^^^^^^^^
  File "C:\Users\Dell\AppData\Local\Programs\Python\Python312\Lib\site-packages\django\template\loader_tags.py", line 65, in render
    result = block.nodelist.render(context)
             ^^^^^^^^^^^^^^^^^^^^^^^^^^^^^^
  File "C:\Users\Dell\AppData\Local\Programs\Python\Python312\Lib\site-packages\django\template\base.py", line 1016, in render
    return SafeString("".join([node.render_annotated(context) for node in self]))
                               ^^^^^^^^^^^^^^^^^^^^^^^^^^^^^^
  File "C:\Users\Dell\AppData\Local\Programs\Python\Python312\Lib\site-packages\django\template\base.py", line 977, in render_annotated
    return self.render(context)
           ^^^^^^^^^^^^^^^^^^^^
  File "C:\Users\Dell\AppData\Local\Programs\Python\Python312\Lib\site-packages\django\template\defaulttags.py", line 326, in render
    if match:
       ^^^^^
  File "C:\Users\Dell\AppData\Local\Programs\Python\Python312\Lib\site-packages\django\db\models\query.py", line 398, in __bool__
    self._fetch_all()
  File "C:\Users\Dell\AppData\Local\Programs\Python\Python312\Lib\site-packages\django\db\models\query.py", line 1949, in _fetch_all
    self._result_cache = list(self._iterable_class(self))
                         ^^^^^^^^^^^^^^^^^^^^^^^^^^^^^^^^
  File "C:\Users\Dell\AppData\Local\Programs\Python\Python312\Lib\site-packages\django\db\models\query.py", line 91, in __iter__
    results = compiler.execute_sql(
              ^^^^^^^^^^^^^^^^^^^^^
  File "C:\Users\Dell\AppData\Local\Programs\Python\Python312\Lib\site-packages\django\db\models\sql\compiler.py", line 1623, in execute_sql
    cursor.execute(sql, params)
  File "C:\Users\Dell\AppData\Local\Programs\Python\Python312\Lib\site-packages\django\db\backends\utils.py", line 122, in execute
    return super().execute(sql, params)
           ^^^^^^^^^^^^^^^^^^^^^^^^^^^^
  File "C:\Users\Dell\AppData\Local\Programs\Python\Python312\Lib\site-packages\django\db\backends\utils.py", line 79, in execute
    return self._execute_with_wrappers(
           ^^^^^^^^^^^^^^^^^^^^^^^^^^^^
  File "C:\Users\Dell\AppData\Local\Programs\Python\Python312\Lib\site-packages\django\db\backends\utils.py", line 92, in _execute_with_wrappers
    return executor(sql, params, many, context)
           ^^^^^^^^^^^^^^^^^^^^^^^^^^^^^^^^^^^^
  File "C:\Users\Dell\AppData\Local\Programs\Python\Python312\Lib\site-packages\django\db\backends\utils.py", line 100, in _execute
    with self.db.wrap_database_errors:
         ^^^^^^^^^^^^^^^^^^^^^^^^^^^^
  File "C:\Users\Dell\AppData\Local\Programs\Python\Python312\Lib\site-packages\django\db\utils.py", line 91, in __exit__
    raise dj_exc_value.with_traceback(traceback) from exc_value
  File "C:\Users\Dell\AppData\Local\Programs\Python\Python312\Lib\site-packages\django\db\backends\utils.py", line 105, in _execute
    return self.cursor.execute(sql, params)
           ^^^^^^^^^^^^^^^^^^^^^^^^^^^^^^^^
django.db.utils.ProgrammingError: column shop_order.state does not exist
LINE 1: ...ne", "shop_order"."address", "shop_order"."city", "shop_orde...
                                                             ^
HINT:  Perhaps you meant to reference the column "shop_order.status".

ERROR 2025-10-28 11:30:24,768 basehttp 9976 15784 "GET /orders/ HTTP/1.1" 500 215559
INFO 2025-10-28 11:36:21,997 basehttp 9976 15152 "GET / HTTP/1.1" 200 23796
INFO 2025-10-28 11:36:25,208 basehttp 9976 17356 "GET /product/auraglow/ HTTP/1.1" 200 18559
INFO 2025-10-28 11:36:27,920 basehttp 9976 17356 "POST /cart/add/1/ HTTP/1.1" 302 0
INFO 2025-10-28 11:36:28,097 basehttp 9976 17356 "GET /cart/ HTTP/1.1" 200 20948
INFO 2025-10-28 11:36:30,807 logging 9976 17356 Starting checkout
INFO 2025-10-28 11:36:30,846 logging 9976 17356 Completed checkout successfully
INFO 2025-10-28 11:36:30,856 basehttp 9976 17356 "GET /checkout/ HTTP/1.1" 200 23479
INFO 2025-10-28 11:36:38,302 logging 9976 9636 Starting checkout
ERROR 2025-10-28 11:36:38,320 logging 9976 9636 Error in step create_order: column "state" of relation "shop_order" does not exist
LINE 1: ..."last_name", "email", "phone", "address", "city", "state", "...
                                                             ^

ERROR 2025-10-28 11:36:38,320 views 9976 9636 Critical error during checkout for user 18
INFO 2025-10-28 11:36:38,328 logging 9976 9636 Completed checkout successfully
INFO 2025-10-28 11:36:38,328 basehttp 9976 9636 "POST /checkout/ HTTP/1.1" 200 24055
INFO 2025-10-28 11:37:24,163 basehttp 9976 15088 "GET / HTTP/1.1" 200 23796
INFO 2025-10-28 11:37:40,590 basehttp 9976 14944 "GET /product/auraglow/ HTTP/1.1" 200 18559
INFO 2025-10-28 11:37:43,375 basehttp 9976 14944 "POST /cart/add/1/ HTTP/1.1" 302 0
INFO 2025-10-28 11:37:43,475 basehttp 9976 14944 "GET /cart/ HTTP/1.1" 200 20948
INFO 2025-10-28 11:37:46,530 logging 9976 17152 Starting checkout
INFO 2025-10-28 11:37:46,560 logging 9976 17152 Completed checkout successfully
INFO 2025-10-28 11:37:46,560 basehttp 9976 17152 "GET /checkout/ HTTP/1.1" 200 23479
INFO 2025-10-28 11:37:58,836 logging 9976 15560 Starting checkout
ERROR 2025-10-28 11:37:58,852 logging 9976 15560 Error in step create_order: column "state" of relation "shop_order" does not exist
LINE 1: ..."last_name", "email", "phone", "address", "city", "state", "...
                                                             ^

ERROR 2025-10-28 11:37:58,856 views 9976 15560 Critical error during checkout for user 18
INFO 2025-10-28 11:37:58,861 logging 9976 15560 Completed checkout successfully
INFO 2025-10-28 11:37:58,861 basehttp 9976 15560 "POST /checkout/ HTTP/1.1" 200 24055
INFO 2025-10-28 11:39:46,010 basehttp 9976 15508 "GET / HTTP/1.1" 200 23796
INFO 2025-10-28 11:40:17,161 basehttp 9976 13632 "GET /product/auraglow/ HTTP/1.1" 200 18559
INFO 2025-10-28 11:40:19,652 basehttp 9976 13632 "POST /cart/add/1/ HTTP/1.1" 302 0
INFO 2025-10-28 11:40:19,748 basehttp 9976 13632 "GET /cart/ HTTP/1.1" 200 20948
INFO 2025-10-28 11:40:22,167 logging 9976 13632 Starting checkout
INFO 2025-10-28 11:40:22,189 logging 9976 13632 Completed checkout successfully
INFO 2025-10-28 11:40:22,191 basehttp 9976 13632 "GET /checkout/ HTTP/1.1" 200 23479
INFO 2025-10-28 11:45:38,986 basehttp 9976 12200 "GET / HTTP/1.1" 200 23796
INFO 2025-10-28 14:19:12,288 autoreload 10384 7052 Watching for file changes with StatReloader
INFO 2025-10-28 14:19:34,565 basehttp 10384 1924 "GET / HTTP/1.1" 200 23796
INFO 2025-10-28 14:19:59,090 basehttp 10384 772 "GET /?search=auraglow&category=&brand=&price_range=&sort_by= HTTP/1.1" 200 21778
INFO 2025-10-28 14:20:10,158 basehttp 10384 1192 "GET / HTTP/1.1" 200 23796
INFO 2025-10-28 14:20:20,478 basehttp 10384 9992 "GET /?search=&category=&brand=&price_range=0-50&sort_by= HTTP/1.1" 200 19745
INFO 2025-10-28 14:20:28,740 basehttp 10384 10380 "GET /?search=&category=&brand=&price_range=50-100&sort_by= HTTP/1.1" 200 21563
INFO 2025-10-28 14:20:37,290 basehttp 10384 10380 "GET /?search=&category=&brand=1&price_range=50-100&sort_by= HTTP/1.1" 200 19745
INFO 2025-10-28 14:20:42,927 basehttp 10384 10380 "GET /?search=&category=&brand=1&price_range=&sort_by= HTTP/1.1" 200 21761
INFO 2025-10-28 14:20:52,689 basehttp 10384 10608 "GET /product/auraglow/ HTTP/1.1" 200 18559
INFO 2025-10-28 14:21:08,637 basehttp 10384 11076 "POST /cart/add/1/ HTTP/1.1" 302 0
INFO 2025-10-28 14:21:08,855 basehttp 10384 11076 "GET /cart/ HTTP/1.1" 200 20948
INFO 2025-10-28 14:21:23,691 basehttp 10384 11728 "POST /cart/add/1/ HTTP/1.1" 302 0
INFO 2025-10-28 14:21:23,805 basehttp 10384 11728 "GET /cart/ HTTP/1.1" 200 20948
INFO 2025-10-28 14:21:30,422 logging 10384 2684 Starting checkout
INFO 2025-10-28 14:21:30,491 logging 10384 2684 Completed checkout successfully
INFO 2025-10-28 14:21:30,492 basehttp 10384 2684 "GET /checkout/ HTTP/1.1" 200 23479
INFO 2025-10-28 14:22:05,552 basehttp 10384 11004 "GET /track-order/ HTTP/1.1" 200 17787
INFO 2025-10-28 14:22:20,052 basehttp 10384 7312 "GET /accounts/logout/ HTTP/1.1" 302 0
INFO 2025-10-28 14:22:20,151 basehttp 10384 7312 "GET / HTTP/1.1" 200 22378
INFO 2025-10-28 14:22:22,968 basehttp 10384 7312 "GET /accounts/login/ HTTP/1.1" 200 18991
INFO 2025-10-28 14:22:25,934 basehttp 10384 7312 "GET /accounts/register/ HTTP/1.1" 200 31096
INFO 2025-10-28 14:23:49,634 basehttp 10384 12240 "POST /accounts/register/ HTTP/1.1" 302 0
INFO 2025-10-28 14:23:49,788 basehttp 10384 12240 "GET / HTTP/1.1" 200 23798
INFO 2025-10-28 14:31:04,174 basehttp 10384 9700 "GET /product/auraglow/ HTTP/1.1" 200 18561
INFO 2025-10-28 14:31:28,092 basehttp 10384 10276 "GET /product/auraglow/ HTTP/1.1" 200 18561
INFO 2025-10-28 14:32:51,272 basehttp 10384 3836 "GET / HTTP/1.1" 200 23795
INFO 2025-10-28 14:32:51,502 basehttp 10384 3836 "GET /static/css/order.css HTTP/1.1" 304 0
INFO 2025-10-28 14:32:51,519 basehttp 10384 9556 "GET /static/css/style.css HTTP/1.1" 304 0
INFO 2025-10-28 14:32:51,530 basehttp 10384 11796 "GET /static/logo/logo.png HTTP/1.1" 304 0
INFO 2025-10-28 14:32:51,549 basehttp 10384 7636 "GET /media/products/Top_9_Hair_Care_Brands_in_India_For_Men_and_Women_1_x7hW9kP_yh5xxHt.jpg HTTP/1.1" 304 0
INFO 2025-10-28 16:40:03,620 autoreload 11764 9520 Watching for file changes with StatReloader
INFO 2025-10-28 16:40:09,888 basehttp 10384 6608 "GET / HTTP/1.1" 200 23795
INFO 2025-10-28 16:40:21,759 basehttp 10384 1620 "GET /cart/ HTTP/1.1" 200 20947
INFO 2025-10-28 16:40:33,187 basehttp 10384 1620 "GET /accounts/logout/ HTTP/1.1" 302 0
INFO 2025-10-28 16:40:33,307 basehttp 10384 1620 "GET / HTTP/1.1" 200 22378
INFO 2025-10-28 16:40:36,828 basehttp 10384 1620 "GET /accounts/login/ HTTP/1.1" 200 18991
INFO 2025-10-28 16:40:43,619 basehttp 10384 1620 "GET /accounts/register/ HTTP/1.1" 200 31096
INFO 2025-10-28 16:42:00,137 basehttp 10384 1620 "POST /accounts/register/ HTTP/1.1" 302 0
INFO 2025-10-28 16:42:00,323 basehttp 10384 1620 "GET / HTTP/1.1" 200 23797
INFO 2025-10-29 17:03:06,200 autoreload 2784 11664 Watching for file changes with StatReloader
INFO 2025-10-29 17:03:17,648 basehttp 2784 2676 "GET / HTTP/1.1" 200 23797
INFO 2025-10-29 17:03:18,943 basehttp 2784 11840 "GET /static/css/order.css HTTP/1.1" 304 0
INFO 2025-10-29 17:03:18,994 basehttp 2784 2676 "GET /static/css/style.css HTTP/1.1" 304 0
INFO 2025-10-29 17:03:19,288 basehttp 2784 2676 "GET /media/products/Top_9_Hair_Care_Brands_in_India_For_Men_and_Women_1_x7hW9kP_yh5xxHt.jpg HTTP/1.1" 304 0
INFO 2025-10-29 17:03:38,528 basehttp 2784 3796 "GET /product/auraglow/ HTTP/1.1" 200 18560
INFO 2025-10-29 17:03:38,872 basehttp 2784 3796 "GET /media/products/WhatsApp_Image_2021-10-14_at_10_izt5HQ6.59.54_AM.webp HTTP/1.1" 304 0
INFO 2025-10-29 17:03:57,537 basehttp 2784 5128 "POST /cart/add/1/ HTTP/1.1" 302 0
INFO 2025-10-29 17:03:57,729 basehttp 2784 5128 "GET /cart/ HTTP/1.1" 200 20946
INFO 2025-10-29 17:04:08,622 logging 2784 6348 Starting checkout
INFO 2025-10-29 17:04:08,943 logging 2784 6348 Completed checkout successfully
INFO 2025-10-29 17:04:08,948 basehttp 2784 6348 "GET /checkout/ HTTP/1.1" 200 23480
INFO 2025-10-29 17:04:13,621 basehttp 2784 5468 "GET /accounts/logout/ HTTP/1.1" 302 0
INFO 2025-10-29 17:04:13,784 basehttp 2784 5468 "GET / HTTP/1.1" 200 22378
INFO 2025-10-29 17:04:17,843 basehttp 2784 5468 "GET /accounts/login/ HTTP/1.1" 200 18991
INFO 2025-10-29 17:04:23,746 basehttp 2784 6196 "GET /accounts/register/ HTTP/1.1" 200 31096
ERROR 2025-10-29 17:06:18,052 log 2784 6560 Internal Server Error: /accounts/register/
Traceback (most recent call last):
  File "C:\Users\Dell\AppData\Local\Programs\Python\Python312\Lib\smtplib.py", line 360, in send
    self.sock.sendall(s)
  File "C:\Users\Dell\AppData\Local\Programs\Python\Python312\Lib\ssl.py", line 1210, in sendall
    v = self.send(byte_view[count:])
        ^^^^^^^^^^^^^^^^^^^^^^^^^^^^
  File "C:\Users\Dell\AppData\Local\Programs\Python\Python312\Lib\ssl.py", line 1179, in send
    return self._sslobj.write(data)
           ^^^^^^^^^^^^^^^^^^^^^^^^
TimeoutError: The write operation timed out

During handling of the above exception, another exception occurred:

Traceback (most recent call last):
  File "C:\Users\Dell\AppData\Local\Programs\Python\Python312\Lib\site-packages\django\core\handlers\exception.py", line 55, in inner
    response = get_response(request)
               ^^^^^^^^^^^^^^^^^^^^^
  File "C:\Users\Dell\AppData\Local\Programs\Python\Python312\Lib\site-packages\django\core\handlers\base.py", line 197, in _get_response
    response = wrapped_callback(request, *callback_args, **callback_kwargs)
               ^^^^^^^^^^^^^^^^^^^^^^^^^^^^^^^^^^^^^^^^^^^^^^^^^^^^^^^^^^^^
  File "C:\Users\Dell\Downloads\ecom\ecommerce\ecommerce\accounts\views\__init__.py", line 10, in register
    user = form.save()
           ^^^^^^^^^^^
  File "C:\Users\Dell\AppData\Local\Programs\Python\Python312\Lib\site-packages\django\contrib\auth\forms.py", line 265, in save
    user = self.set_password_and_save(user, commit=commit)
           ^^^^^^^^^^^^^^^^^^^^^^^^^^^^^^^^^^^^^^^^^^^^^^^
  File "C:\Users\Dell\AppData\Local\Programs\Python\Python312\Lib\site-packages\django\contrib\auth\forms.py", line 154, in set_password_and_save
    user.save()
  File "C:\Users\Dell\AppData\Local\Programs\Python\Python312\Lib\site-packages\django\contrib\auth\base_user.py", line 65, in save
    super().save(*args, **kwargs)
  File "C:\Users\Dell\AppData\Local\Programs\Python\Python312\Lib\site-packages\django\db\models\base.py", line 902, in save
    self.save_base(
  File "C:\Users\Dell\AppData\Local\Programs\Python\Python312\Lib\site-packages\django\db\models\base.py", line 1023, in save_base
    post_save.send(
  File "C:\Users\Dell\AppData\Local\Programs\Python\Python312\Lib\site-packages\django\dispatch\dispatcher.py", line 189, in send
    response = receiver(signal=self, sender=sender, **named)
               ^^^^^^^^^^^^^^^^^^^^^^^^^^^^^^^^^^^^^^^^^^^^^
  File "C:\Users\Dell\Downloads\ecom\ecommerce\ecommerce\accounts\signals.py", line 52, in send_welcome_email
    email.send()
  File "C:\Users\Dell\AppData\Local\Programs\Python\Python312\Lib\site-packages\django\core\mail\message.py", line 307, in send
    return self.get_connection(fail_silently).send_messages([self])
           ^^^^^^^^^^^^^^^^^^^^^^^^^^^^^^^^^^^^^^^^^^^^^^^^^^^^^^^^
  File "C:\Users\Dell\AppData\Local\Programs\Python\Python312\Lib\site-packages\django\core\mail\backends\smtp.py", line 136, in send_messages
    sent = self._send(message)
           ^^^^^^^^^^^^^^^^^^^
  File "C:\Users\Dell\AppData\Local\Programs\Python\Python312\Lib\site-packages\django\core\mail\backends\smtp.py", line 155, in _send
    self.connection.sendmail(
  File "C:\Users\Dell\AppData\Local\Programs\Python\Python312\Lib\smtplib.py", line 891, in sendmail
    (code, resp) = self.data(msg)
                   ^^^^^^^^^^^^^^
  File "C:\Users\Dell\AppData\Local\Programs\Python\Python312\Lib\smtplib.py", line 579, in data
    self.send(q)
  File "C:\Users\Dell\AppData\Local\Programs\Python\Python312\Lib\smtplib.py", line 363, in send
    raise SMTPServerDisconnected('Server not connected')
smtplib.SMTPServerDisconnected: Server not connected
ERROR 2025-10-29 17:06:18,073 basehttp 2784 6560 "POST /accounts/register/ HTTP/1.1" 500 184792
WARNING 2025-10-29 17:06:18,368 basehttp 2784 6560 "GET /favicon.ico HTTP/1.1" 404 5716
INFO 2025-10-30 09:47:34,950 autoreload 15452 2740 Watching for file changes with StatReloader
INFO 2025-10-30 09:47:38,885 basehttp 15452 3656 "GET / HTTP/1.1" 200 22378
INFO 2025-10-30 09:47:39,270 basehttp 15452 3656 "GET /static/css/order.css HTTP/1.1" 200 3219
INFO 2025-10-30 09:47:39,275 basehttp 15452 9284 "GET /static/css/style.css HTTP/1.1" 200 7883
INFO 2025-10-30 09:47:54,108 basehttp 15452 3112 "GET /media/products/Top_9_Hair_Care_Brands_in_India_For_Men_and_Women_1_x7hW9kP_yh5xxHt.jpg HTTP/1.1" 200 138606
INFO 2025-10-30 09:47:54,142 basehttp 15452 12812 "GET /static/logo/logo.png HTTP/1.1" 200 576407
INFO 2025-10-30 09:54:32,073 basehttp 15452 4532 "GET / HTTP/1.1" 200 22378
INFO 2025-10-30 09:54:39,890 basehttp 15452 4532 "GET /product/auraglow/ HTTP/1.1" 200 17141
INFO 2025-10-30 09:54:39,993 basehttp 15452 4532 "GET /media/products/WhatsApp_Image_2021-10-14_at_10_izt5HQ6.59.54_AM.webp HTTP/1.1" 200 230364
INFO 2025-10-30 09:54:43,026 basehttp 15452 4532 "POST /cart/add/1/ HTTP/1.1" 302 0
INFO 2025-10-30 09:54:43,195 basehttp 15452 4532 "GET /cart/ HTTP/1.1" 200 19527
INFO 2025-10-30 09:55:01,532 basehttp 15452 4532 "GET /checkout/ HTTP/1.1" 302 0
INFO 2025-10-30 09:55:01,671 basehttp 15452 4532 "GET /accounts/login/?next=/checkout/ HTTP/1.1" 200 18991
INFO 2025-10-30 09:55:35,967 basehttp 15452 4532 "GET / HTTP/1.1" 200 22378
INFO 2025-10-30 09:55:39,848 basehttp 15452 4532 "GET /admin HTTP/1.1" 301 0
INFO 2025-10-30 09:55:40,004 basehttp 15452 16036 "GET /admin/ HTTP/1.1" 302 0
INFO 2025-10-30 09:55:40,330 basehttp 15452 16036 "GET /admin/login/?next=/admin/ HTTP/1.1" 200 4178
INFO 2025-10-30 09:55:40,410 basehttp 15452 13516 "GET /static/admin/css/dark_mode.css HTTP/1.1" 200 2808
INFO 2025-10-30 09:55:40,413 basehttp 15452 16036 "GET /static/admin/css/base.css HTTP/1.1" 200 22120
INFO 2025-10-30 09:55:40,414 basehttp 15452 1104 "GET /static/admin/css/login.css HTTP/1.1" 200 951
INFO 2025-10-30 09:55:40,453 basehttp 15452 13188 "GET /static/admin/css/nav_sidebar.css HTTP/1.1" 200 2810
INFO 2025-10-30 09:55:40,473 basehttp 15452 10020 "GET /static/admin/js/theme.js HTTP/1.1" 200 1653
INFO 2025-10-30 09:55:40,497 basehttp 15452 14544 "GET /static/admin/css/responsive.css HTTP/1.1" 200 16565
INFO 2025-10-30 09:55:40,560 basehttp 15452 10020 "GET /static/admin/js/nav_sidebar.js HTTP/1.1" 200 3063
WARNING 2025-10-30 09:55:40,613 basehttp 15452 10020 "GET /favicon.ico HTTP/1.1" 404 5716
INFO 2025-10-30 09:55:50,772 basehttp 15452 10020 "POST /admin/login/?next=/admin/ HTTP/1.1" 302 0
INFO 2025-10-30 09:55:50,956 basehttp 15452 10020 "GET /admin/ HTTP/1.1" 200 11818
INFO 2025-10-30 09:55:51,006 basehttp 15452 10020 "GET /static/admin/css/dashboard.css HTTP/1.1" 200 441
INFO 2025-10-30 09:55:51,038 basehttp 15452 10020 "GET /static/admin/img/icon-addlink.svg HTTP/1.1" 200 331
INFO 2025-10-30 09:55:51,039 basehttp 15452 14544 "GET /static/admin/img/icon-changelink.svg HTTP/1.1" 200 380
INFO 2025-10-30 09:56:00,037 basehttp 15452 14544 "GET / HTTP/1.1" 200 23794
INFO 2025-10-30 09:56:28,472 basehttp 15452 14544 "GET /product/auraglow/ HTTP/1.1" 200 18557
INFO 2025-10-30 09:56:41,795 basehttp 15452 14544 "GET /track-order/ HTTP/1.1" 200 17785
ERROR 2025-10-30 09:56:49,468 log 15452 14544 Internal Server Error: /orders/
Traceback (most recent call last):
  File "C:\Users\Dell\AppData\Local\Programs\Python\Python312\Lib\site-packages\django\db\backends\utils.py", line 105, in _execute
    return self.cursor.execute(sql, params)
           ^^^^^^^^^^^^^^^^^^^^^^^^^^^^^^^^
psycopg2.errors.UndefinedColumn: column shop_order.state does not exist
LINE 1: ...ne", "shop_order"."address", "shop_order"."city", "shop_orde...
                                                             ^
HINT:  Perhaps you meant to reference the column "shop_order.status".


The above exception was the direct cause of the following exception:

Traceback (most recent call last):
  File "C:\Users\Dell\AppData\Local\Programs\Python\Python312\Lib\site-packages\django\core\handlers\exception.py", line 55, in inner
    response = get_response(request)
               ^^^^^^^^^^^^^^^^^^^^^
  File "C:\Users\Dell\AppData\Local\Programs\Python\Python312\Lib\site-packages\django\core\handlers\base.py", line 197, in _get_response
    response = wrapped_callback(request, *callback_args, **callback_kwargs)
               ^^^^^^^^^^^^^^^^^^^^^^^^^^^^^^^^^^^^^^^^^^^^^^^^^^^^^^^^^^^^
  File "C:\Users\Dell\AppData\Local\Programs\Python\Python312\Lib\site-packages\django\contrib\auth\decorators.py", line 59, in _view_wrapper
    return view_func(request, *args, **kwargs)
           ^^^^^^^^^^^^^^^^^^^^^^^^^^^^^^^^^^^
  File "C:\Users\Dell\Downloads\ecom\ecommerce\ecommerce\shop\views.py", line 429, in order_list
    return render(request, 'shop/order_list.html', {'orders': orders})
           ^^^^^^^^^^^^^^^^^^^^^^^^^^^^^^^^^^^^^^^^^^^^^^^^^^^^^^^^^^^
  File "C:\Users\Dell\AppData\Local\Programs\Python\Python312\Lib\site-packages\django\shortcuts.py", line 25, in render
    content = loader.render_to_string(template_name, context, request, using=using)
              ^^^^^^^^^^^^^^^^^^^^^^^^^^^^^^^^^^^^^^^^^^^^^^^^^^^^^^^^^^^^^^^^^^^^^
  File "C:\Users\Dell\AppData\Local\Programs\Python\Python312\Lib\site-packages\django\template\loader.py", line 62, in render_to_string
    return template.render(context, request)
           ^^^^^^^^^^^^^^^^^^^^^^^^^^^^^^^^^
  File "C:\Users\Dell\AppData\Local\Programs\Python\Python312\Lib\site-packages\django\template\backends\django.py", line 107, in render
    return self.template.render(context)
           ^^^^^^^^^^^^^^^^^^^^^^^^^^^^^
  File "C:\Users\Dell\AppData\Local\Programs\Python\Python312\Lib\site-packages\django\template\base.py", line 171, in render
    return self._render(context)
           ^^^^^^^^^^^^^^^^^^^^^
  File "C:\Users\Dell\AppData\Local\Programs\Python\Python312\Lib\site-packages\django\template\base.py", line 163, in _render
    return self.nodelist.render(context)
           ^^^^^^^^^^^^^^^^^^^^^^^^^^^^^
  File "C:\Users\Dell\AppData\Local\Programs\Python\Python312\Lib\site-packages\django\template\base.py", line 1016, in render
    return SafeString("".join([node.render_annotated(context) for node in self]))
                               ^^^^^^^^^^^^^^^^^^^^^^^^^^^^^^
  File "C:\Users\Dell\AppData\Local\Programs\Python\Python312\Lib\site-packages\django\template\base.py", line 977, in render_annotated
    return self.render(context)
           ^^^^^^^^^^^^^^^^^^^^
  File "C:\Users\Dell\AppData\Local\Programs\Python\Python312\Lib\site-packages\django\template\loader_tags.py", line 159, in render
    return compiled_parent._render(context)
           ^^^^^^^^^^^^^^^^^^^^^^^^^^^^^^^^
  File "C:\Users\Dell\AppData\Local\Programs\Python\Python312\Lib\site-packages\django\template\base.py", line 163, in _render
    return self.nodelist.render(context)
           ^^^^^^^^^^^^^^^^^^^^^^^^^^^^^
  File "C:\Users\Dell\AppData\Local\Programs\Python\Python312\Lib\site-packages\django\template\base.py", line 1016, in render
    return SafeString("".join([node.render_annotated(context) for node in self]))
                               ^^^^^^^^^^^^^^^^^^^^^^^^^^^^^^
  File "C:\Users\Dell\AppData\Local\Programs\Python\Python312\Lib\site-packages\django\template\base.py", line 977, in render_annotated
    return self.render(context)
           ^^^^^^^^^^^^^^^^^^^^
  File "C:\Users\Dell\AppData\Local\Programs\Python\Python312\Lib\site-packages\django\template\loader_tags.py", line 65, in render
    result = block.nodelist.render(context)
             ^^^^^^^^^^^^^^^^^^^^^^^^^^^^^^
  File "C:\Users\Dell\AppData\Local\Programs\Python\Python312\Lib\site-packages\django\template\base.py", line 1016, in render
    return SafeString("".join([node.render_annotated(context) for node in self]))
                               ^^^^^^^^^^^^^^^^^^^^^^^^^^^^^^
  File "C:\Users\Dell\AppData\Local\Programs\Python\Python312\Lib\site-packages\django\template\base.py", line 977, in render_annotated
    return self.render(context)
           ^^^^^^^^^^^^^^^^^^^^
  File "C:\Users\Dell\AppData\Local\Programs\Python\Python312\Lib\site-packages\django\template\defaulttags.py", line 326, in render
    if match:
       ^^^^^
  File "C:\Users\Dell\AppData\Local\Programs\Python\Python312\Lib\site-packages\django\db\models\query.py", line 398, in __bool__
    self._fetch_all()
  File "C:\Users\Dell\AppData\Local\Programs\Python\Python312\Lib\site-packages\django\db\models\query.py", line 1949, in _fetch_all
    self._result_cache = list(self._iterable_class(self))
                         ^^^^^^^^^^^^^^^^^^^^^^^^^^^^^^^^
  File "C:\Users\Dell\AppData\Local\Programs\Python\Python312\Lib\site-packages\django\db\models\query.py", line 91, in __iter__
    results = compiler.execute_sql(
              ^^^^^^^^^^^^^^^^^^^^^
  File "C:\Users\Dell\AppData\Local\Programs\Python\Python312\Lib\site-packages\django\db\models\sql\compiler.py", line 1623, in execute_sql
    cursor.execute(sql, params)
  File "C:\Users\Dell\AppData\Local\Programs\Python\Python312\Lib\site-packages\django\db\backends\utils.py", line 122, in execute
    return super().execute(sql, params)
           ^^^^^^^^^^^^^^^^^^^^^^^^^^^^
  File "C:\Users\Dell\AppData\Local\Programs\Python\Python312\Lib\site-packages\django\db\backends\utils.py", line 79, in execute
    return self._execute_with_wrappers(
           ^^^^^^^^^^^^^^^^^^^^^^^^^^^^
  File "C:\Users\Dell\AppData\Local\Programs\Python\Python312\Lib\site-packages\django\db\backends\utils.py", line 92, in _execute_with_wrappers
    return executor(sql, params, many, context)
           ^^^^^^^^^^^^^^^^^^^^^^^^^^^^^^^^^^^^
  File "C:\Users\Dell\AppData\Local\Programs\Python\Python312\Lib\site-packages\django\db\backends\utils.py", line 100, in _execute
    with self.db.wrap_database_errors:
         ^^^^^^^^^^^^^^^^^^^^^^^^^^^^
  File "C:\Users\Dell\AppData\Local\Programs\Python\Python312\Lib\site-packages\django\db\utils.py", line 91, in __exit__
    raise dj_exc_value.with_traceback(traceback) from exc_value
  File "C:\Users\Dell\AppData\Local\Programs\Python\Python312\Lib\site-packages\django\db\backends\utils.py", line 105, in _execute
    return self.cursor.execute(sql, params)
           ^^^^^^^^^^^^^^^^^^^^^^^^^^^^^^^^
django.db.utils.ProgrammingError: column shop_order.state does not exist
LINE 1: ...ne", "shop_order"."address", "shop_order"."city", "shop_orde...
                                                             ^
HINT:  Perhaps you meant to reference the column "shop_order.status".

ERROR 2025-10-30 09:56:49,482 basehttp 15452 14544 "GET /orders/ HTTP/1.1" 500 215551
INFO 2025-10-30 10:05:59,638 basehttp 15452 8924 "GET / HTTP/1.1" 200 23794
INFO 2025-10-30 15:26:04,185 autoreload 14388 12420 Watching for file changes with StatReloader
INFO 2025-10-30 15:26:45,482 basehttp 14388 14608 "GET / HTTP/1.1" 200 23794
INFO 2025-10-30 17:18:55,378 basehttp 14388 2744 "GET / HTTP/1.1" 200 22378
INFO 2025-10-30 17:18:55,707 basehttp 14388 13696 "GET /static/css/order.css HTTP/1.1" 304 0
INFO 2025-10-30 17:18:55,738 basehttp 14388 14996 "GET /static/css/style.css HTTP/1.1" 304 0
INFO 2025-10-30 17:18:55,764 basehttp 14388 14452 "GET /media/products/Top_9_Hair_Care_Brands_in_India_For_Men_and_Women_1_x7hW9kP_yh5xxHt.jpg HTTP/1.1" 304 0
INFO 2025-10-30 17:19:05,471 basehttp 14388 13640 "GET /product/auraglow/ HTTP/1.1" 200 17141
INFO 2025-10-30 17:19:05,525 basehttp 14388 13640 "GET /media/products/WhatsApp_Image_2021-10-14_at_10_izt5HQ6.59.54_AM.webp HTTP/1.1" 304 0
INFO 2025-10-30 17:19:09,181 basehttp 14388 13640 "POST /cart/add/1/ HTTP/1.1" 302 0
INFO 2025-10-30 17:19:09,312 basehttp 14388 13640 "GET /cart/ HTTP/1.1" 200 19527
INFO 2025-10-30 17:19:12,103 basehttp 14388 13640 "GET /checkout/ HTTP/1.1" 302 0
INFO 2025-10-30 17:19:13,021 basehttp 14388 13640 "GET /accounts/login/?next=/checkout/ HTTP/1.1" 200 18991
INFO 2025-10-31 09:53:16,034 autoreload 12524 8844 Watching for file changes with StatReloader
INFO 2025-10-31 09:53:20,474 basehttp 14388 6440 "GET / HTTP/1.1" 200 23794
INFO 2025-10-31 09:53:20,614 basehttp 14388 6440 "GET /static/css/order.css HTTP/1.1" 304 0
INFO 2025-10-31 09:53:20,615 basehttp 14388 8744 "GET /static/css/style.css HTTP/1.1" 304 0
INFO 2025-10-31 09:53:20,624 basehttp 14388 9324 "GET /media/products/Top_9_Hair_Care_Brands_in_India_For_Men_and_Women_1_x7hW9kP_yh5xxHt.jpg HTTP/1.1" 304 0
INFO 2025-10-31 09:55:35,943 basehttp 14388 13120 "GET /product/auraglow/ HTTP/1.1" 200 18557
INFO 2025-10-31 09:55:36,000 basehttp 14388 13120 "GET /media/products/WhatsApp_Image_2021-10-14_at_10_izt5HQ6.59.54_AM.webp HTTP/1.1" 304 0
ERROR 2025-10-31 09:55:48,367 log 14388 13120 Internal Server Error: /category/auraglow/
Traceback (most recent call last):
  File "C:\Users\Dell\AppData\Local\Programs\Python\Python312\Lib\site-packages\django\core\handlers\exception.py", line 55, in inner
    response = get_response(request)
               ^^^^^^^^^^^^^^^^^^^^^
  File "C:\Users\Dell\AppData\Local\Programs\Python\Python312\Lib\site-packages\django\core\handlers\base.py", line 197, in _get_response
    response = wrapped_callback(request, *callback_args, **callback_kwargs)
               ^^^^^^^^^^^^^^^^^^^^^^^^^^^^^^^^^^^^^^^^^^^^^^^^^^^^^^^^^^^^
  File "C:\Users\Dell\Downloads\ecom\ecommerce\ecommerce\shop\views.py", line 127, in category_products
    return render(request, 'shop/category_products.html', context)
           ^^^^^^^^^^^^^^^^^^^^^^^^^^^^^^^^^^^^^^^^^^^^^^^^^^^^^^^
  File "C:\Users\Dell\AppData\Local\Programs\Python\Python312\Lib\site-packages\django\shortcuts.py", line 25, in render
    content = loader.render_to_string(template_name, context, request, using=using)
              ^^^^^^^^^^^^^^^^^^^^^^^^^^^^^^^^^^^^^^^^^^^^^^^^^^^^^^^^^^^^^^^^^^^^^
  File "C:\Users\Dell\AppData\Local\Programs\Python\Python312\Lib\site-packages\django\template\loader.py", line 61, in render_to_string
    template = get_template(template_name, using=using)
               ^^^^^^^^^^^^^^^^^^^^^^^^^^^^^^^^^^^^^^^^
  File "C:\Users\Dell\AppData\Local\Programs\Python\Python312\Lib\site-packages\django\template\loader.py", line 19, in get_template
    raise TemplateDoesNotExist(template_name, chain=chain)
django.template.exceptions.TemplateDoesNotExist: shop/category_products.html
ERROR 2025-10-31 09:55:48,377 basehttp 14388 13120 "GET /category/auraglow/ HTTP/1.1" 500 87410
WARNING 2025-10-31 09:55:48,593 basehttp 14388 13120 "GET /favicon.ico HTTP/1.1" 404 5716
INFO 2025-10-31 09:55:53,285 basehttp 14388 13120 "POST /cart/add/1/ HTTP/1.1" 302 0
INFO 2025-10-31 09:55:53,382 basehttp 14388 13120 "GET /cart/ HTTP/1.1" 200 20943
INFO 2025-10-31 09:57:15,121 basehttp 14388 13120 "GET /track-order/ HTTP/1.1" 200 17785
INFO 2025-10-31 09:58:13,877 basehttp 14388 13120 "GET /cart/ HTTP/1.1" 200 20943
INFO 2025-10-31 10:52:09,678 autoreload 12012 6616 Watching for file changes with StatReloader
INFO 2025-10-31 10:52:22,645 basehttp 12012 9968 "GET / HTTP/1.1" 200 22378
INFO 2025-10-31 10:52:33,134 basehttp 12012 4816 "GET /accounts/login/ HTTP/1.1" 200 18991
INFO 2025-10-31 10:52:40,330 basehttp 12012 4116 "GET /accounts/register/ HTTP/1.1" 200 31096
INFO 2025-10-31 10:54:05,526 basehttp 12012 15516 "POST /accounts/register/ HTTP/1.1" 302 0
INFO 2025-10-31 10:54:05,772 basehttp 12012 15616 "GET / HTTP/1.1" 200 23801
INFO 2025-10-31 10:54:29,526 basehttp 12012 8904 "GET /cart/ HTTP/1.1" 200 16995
INFO 2025-10-31 10:54:32,555 basehttp 12012 8904 "GET /accounts/logout/ HTTP/1.1" 302 0
INFO 2025-10-31 10:54:32,704 basehttp 12012 8904 "GET / HTTP/1.1" 200 22378
INFO 2025-10-31 10:54:36,647 basehttp 12012 13084 "GET /accounts/login/ HTTP/1.1" 200 18991
INFO 2025-10-31 10:54:40,852 basehttp 12012 13084 "GET /accounts/register/ HTTP/1.1" 200 31096
INFO 2025-10-31 10:56:45,404 basehttp 12012 9288 "POST /accounts/register/ HTTP/1.1" 302 0
INFO 2025-10-31 10:56:45,630 basehttp 12012 9288 "GET / HTTP/1.1" 200 23797
INFO 2025-10-31 10:56:54,375 basehttp 12012 9288 "GET /cart/ HTTP/1.1" 200 16991
INFO 2025-10-31 10:56:57,644 basehttp 12012 9288 "GET /accounts/logout/ HTTP/1.1" 302 0
INFO 2025-10-31 10:56:57,792 basehttp 12012 9288 "GET / HTTP/1.1" 200 22378
INFO 2025-10-31 10:56:59,624 basehttp 12012 9288 "GET /accounts/login/ HTTP/1.1" 200 18991
INFO 2025-10-31 10:57:02,945 basehttp 12012 9288 "GET /accounts/login/ HTTP/1.1" 200 18991
INFO 2025-10-31 10:57:05,805 basehttp 12012 9288 "GET /accounts/register/ HTTP/1.1" 200 31096
INFO 2025-10-31 10:58:14,163 basehttp 12012 9288 "POST /accounts/register/ HTTP/1.1" 302 0
INFO 2025-10-31 10:58:14,408 basehttp 12012 9288 "GET / HTTP/1.1" 200 23796
INFO 2025-10-31 11:07:50,229 basehttp 12012 7848 "GET / HTTP/1.1" 200 23796
INFO 2025-10-31 11:22:34,646 basehttp 12012 748 "GET / HTTP/1.1" 200 22378
INFO 2025-10-31 11:22:34,872 basehttp 12012 748 "GET /static/logo/logo.png HTTP/1.1" 304 0
INFO 2025-10-31 12:15:54,776 basehttp 12012 9752 "GET / HTTP/1.1" 200 22378
INFO 2025-10-31 12:15:59,809 basehttp 12012 12412 "GET /accounts/login/ HTTP/1.1" 200 18991
INFO 2025-10-31 12:16:13,085 basehttp 12012 12412 "GET /accounts/register/ HTTP/1.1" 200 31096
INFO 2025-10-31 12:17:38,190 basehttp 12012 12412 "POST /accounts/register/ HTTP/1.1" 302 0
INFO 2025-10-31 12:17:38,400 basehttp 12012 12412 "GET / HTTP/1.1" 200 23806
INFO 2025-10-31 12:18:59,861 basehttp 12012 12412 "GET /cart/ HTTP/1.1" 200 20955
INFO 2025-10-31 12:19:03,236 basehttp 12012 12412 "GET /accounts/logout/ HTTP/1.1" 302 0
INFO 2025-10-31 12:19:03,384 basehttp 12012 12412 "GET / HTTP/1.1" 200 22378
INFO 2025-10-31 12:19:05,343 basehttp 12012 12412 "GET /accounts/login/ HTTP/1.1" 200 18991
INFO 2025-10-31 12:19:10,098 basehttp 12012 12412 "GET /accounts/register/ HTTP/1.1" 200 31096
INFO 2025-10-31 12:20:37,603 basehttp 12012 12412 "POST /accounts/register/ HTTP/1.1" 302 0
INFO 2025-10-31 12:20:37,891 basehttp 12012 12412 "GET / HTTP/1.1" 200 23801
INFO 2025-10-31 12:20:47,623 basehttp 12012 12412 "GET /cart/ HTTP/1.1" 200 16995
INFO 2025-10-31 12:20:50,276 basehttp 12012 12412 "GET /accounts/logout/ HTTP/1.1" 302 0
INFO 2025-10-31 12:20:50,435 basehttp 12012 12412 "GET / HTTP/1.1" 200 22378
INFO 2025-10-31 12:20:53,536 basehttp 12012 12412 "GET /accounts/login/ HTTP/1.1" 200 18991
INFO 2025-10-31 12:21:08,952 basehttp 12012 12412 "GET /accounts/register/ HTTP/1.1" 200 31096
INFO 2025-10-31 12:22:11,372 basehttp 12012 12412 "POST /accounts/register/ HTTP/1.1" 302 0
INFO 2025-10-31 12:22:11,622 basehttp 12012 12412 "GET / HTTP/1.1" 200 23796
INFO 2025-10-31 12:28:19,987 basehttp 12012 7196 "GET / HTTP/1.1" 200 23796
INFO 2025-10-31 12:28:45,246 basehttp 12012 6496 "GET /product/auraglow/ HTTP/1.1" 200 18559
INFO 2025-10-31 12:28:47,933 basehttp 12012 6496 "POST /cart/add/1/ HTTP/1.1" 302 0
INFO 2025-10-31 12:28:48,161 basehttp 12012 6496 "GET /cart/ HTTP/1.1" 200 20945
INFO 2025-10-31 12:29:05,995 basehttp 12012 6496 "GET /?search=auroglow&category=&brand=&price_range=&sort_by= HTTP/1.1" 200 19762
INFO 2025-10-31 12:29:13,612 basehttp 12012 6496 "GET /?search=auraglow&category=&brand=&price_range=&sort_by= HTTP/1.1" 200 21778
INFO 2025-10-31 12:29:24,739 basehttp 12012 6496 "GET /?search=&category=2&brand=&price_range=&sort_by= HTTP/1.1" 200 21563
INFO 2025-10-31 12:29:32,265 basehttp 12012 6496 "GET /?search=&category=2&brand=&price_range=50-100&sort_by= HTTP/1.1" 200 21563
INFO 2025-10-31 12:29:39,536 basehttp 12012 6496 "GET /?search=&category=2&brand=&price_range=&sort_by= HTTP/1.1" 200 21563
INFO 2025-10-31 12:29:50,990 basehttp 12012 6496 "GET /product/auraglow/ HTTP/1.1" 200 18559
INFO 2025-10-31 12:29:53,589 basehttp 12012 6496 "POST /cart/add/1/ HTTP/1.1" 302 0
INFO 2025-10-31 12:29:53,729 basehttp 12012 6496 "GET /cart/ HTTP/1.1" 200 20945
INFO 2025-10-31 12:29:59,828 basehttp 12012 6496 "POST /cart/add/1/ HTTP/1.1" 302 0
INFO 2025-10-31 12:30:00,010 basehttp 12012 6496 "GET /cart/ HTTP/1.1" 200 20948
INFO 2025-10-31 12:30:04,366 logging 12012 6496 Starting checkout
INFO 2025-10-31 12:30:04,471 logging 12012 6496 Completed checkout successfully
INFO 2025-10-31 12:30:04,473 basehttp 12012 6496 "GET /checkout/ HTTP/1.1" 200 23477
INFO 2025-10-31 12:30:17,258 basehttp 12012 6496 "GET /track-order/ HTTP/1.1" 200 17787
INFO 2025-10-31 15:35:13,831 basehttp 12012 12532 "GET / HTTP/1.1" 200 23796
INFO 2025-11-01 10:10:43,169 autoreload 3392 1280 Watching for file changes with StatReloader
INFO 2025-11-01 10:10:50,708 basehttp 3392 5308 "GET / HTTP/1.1" 200 23796
INFO 2025-11-01 10:10:51,209 basehttp 3392 11044 "GET /static/css/style.css HTTP/1.1" 200 7883
INFO 2025-11-01 10:10:51,214 basehttp 3392 5308 "GET /static/css/order.css HTTP/1.1" 200 3219
INFO 2025-11-01 10:11:03,208 basehttp 3392 7132 "GET /static/logo/logo.png HTTP/1.1" 200 576407
INFO 2025-11-01 10:11:03,369 basehttp 3392 10236 "GET /media/products/Top_9_Hair_Care_Brands_in_India_For_Men_and_Women_1_x7hW9kP_yh5xxHt.jpg HTTP/1.1" 200 138606
INFO 2025-11-01 10:11:43,971 basehttp 3392 9968 "GET /?search=aura&category=&brand=&price_range=&sort_by= HTTP/1.1" 200 21774
INFO 2025-11-01 10:11:47,353 basehttp 3392 10900 "GET /product/auraglow/ HTTP/1.1" 200 18559
INFO 2025-11-01 10:11:47,427 basehttp 3392 10900 "GET /media/products/WhatsApp_Image_2021-10-14_at_10_izt5HQ6.59.54_AM.webp HTTP/1.1" 200 230364
INFO 2025-11-01 10:11:50,472 basehttp 3392 5688 "POST /cart/add/1/ HTTP/1.1" 302 0
INFO 2025-11-01 10:11:50,672 basehttp 3392 5688 "GET /cart/ HTTP/1.1" 200 20945
INFO 2025-11-01 10:11:58,170 logging 3392 12192 Starting checkout
INFO 2025-11-01 10:11:58,329 logging 3392 12192 Completed checkout successfully
INFO 2025-11-01 10:11:58,329 basehttp 3392 12192 "GET /checkout/ HTTP/1.1" 200 23478
INFO 2025-11-01 10:14:17,859 basehttp 3392 8136 "GET /track-order/ HTTP/1.1" 200 17787
ERROR 2025-11-01 10:17:20,940 log 3392 3972 Internal Server Error: /category/auraglow/
Traceback (most recent call last):
  File "C:\Users\Dell\AppData\Local\Programs\Python\Python312\Lib\site-packages\django\core\handlers\exception.py", line 55, in inner
    response = get_response(request)
               ^^^^^^^^^^^^^^^^^^^^^
  File "C:\Users\Dell\AppData\Local\Programs\Python\Python312\Lib\site-packages\django\core\handlers\base.py", line 197, in _get_response
    response = wrapped_callback(request, *callback_args, **callback_kwargs)
               ^^^^^^^^^^^^^^^^^^^^^^^^^^^^^^^^^^^^^^^^^^^^^^^^^^^^^^^^^^^^
  File "C:\Users\Dell\Downloads\ecom\ecommerce\ecommerce\shop\views.py", line 127, in category_products
    return render(request, 'shop/category_products.html', context)
           ^^^^^^^^^^^^^^^^^^^^^^^^^^^^^^^^^^^^^^^^^^^^^^^^^^^^^^^
  File "C:\Users\Dell\AppData\Local\Programs\Python\Python312\Lib\site-packages\django\shortcuts.py", line 25, in render
    content = loader.render_to_string(template_name, context, request, using=using)
              ^^^^^^^^^^^^^^^^^^^^^^^^^^^^^^^^^^^^^^^^^^^^^^^^^^^^^^^^^^^^^^^^^^^^^
  File "C:\Users\Dell\AppData\Local\Programs\Python\Python312\Lib\site-packages\django\template\loader.py", line 61, in render_to_string
    template = get_template(template_name, using=using)
               ^^^^^^^^^^^^^^^^^^^^^^^^^^^^^^^^^^^^^^^^
  File "C:\Users\Dell\AppData\Local\Programs\Python\Python312\Lib\site-packages\django\template\loader.py", line 19, in get_template
    raise TemplateDoesNotExist(template_name, chain=chain)
django.template.exceptions.TemplateDoesNotExist: shop/category_products.html
ERROR 2025-11-01 10:17:20,944 basehttp 3392 3972 "GET /category/auraglow/ HTTP/1.1" 500 87411
WARNING 2025-11-01 10:17:21,152 basehttp 3392 3972 "GET /favicon.ico HTTP/1.1" 404 5716
INFO 2025-11-01 10:17:25,822 basehttp 3392 3972 "GET / HTTP/1.1" 200 23796
INFO 2025-11-01 10:17:34,473 basehttp 3392 6120 "GET /product/auraglow/ HTTP/1.1" 200 18559
INFO 2025-11-01 14:19:05,597 autoreload 13176 11940 Watching for file changes with StatReloader
INFO 2025-11-01 14:19:12,664 basehttp 13176 4904 "GET / HTTP/1.1" 200 23796
INFO 2025-11-01 14:19:37,913 basehttp 13176 1256 "GET /product/auraglow/ HTTP/1.1" 200 18559
INFO 2025-11-01 14:19:40,867 basehttp 13176 1256 "POST /cart/add/1/ HTTP/1.1" 302 0
INFO 2025-11-01 14:19:41,041 basehttp 13176 1256 "GET /cart/ HTTP/1.1" 200 20945
INFO 2025-11-01 14:19:46,675 basehttp 13176 6280 "POST /cart/add/1/ HTTP/1.1" 302 0
INFO 2025-11-01 14:19:46,804 basehttp 13176 6280 "GET /cart/ HTTP/1.1" 200 20948
INFO 2025-11-01 14:19:49,930 logging 13176 6280 Starting checkout
INFO 2025-11-01 14:19:49,980 logging 13176 6280 Completed checkout successfully
INFO 2025-11-01 14:19:49,980 basehttp 13176 6280 "GET /checkout/ HTTP/1.1" 200 23482
INFO 2025-11-01 14:19:56,679 basehttp 13176 10508 "GET /cart/ HTTP/1.1" 200 20948
INFO 2025-11-01 14:20:14,995 basehttp 13176 1244 "GET /?search=auraglow&category=&brand=&price_range=&sort_by= HTTP/1.1" 200 21778
INFO 2025-11-01 14:20:21,658 basehttp 13176 3200 "GET /product/auraglow/ HTTP/1.1" 200 18559
INFO 2025-11-01 14:21:09,432 basehttp 13176 11620 "GET /track-order/ HTTP/1.1" 200 17787
INFO 2025-11-01 14:36:30,057 basehttp 13176 8468 "GET /accounts/logout/ HTTP/1.1" 302 0
INFO 2025-11-01 14:36:30,272 basehttp 13176 8468 "GET / HTTP/1.1" 200 22378
INFO 2025-11-01 14:36:44,863 basehttp 13176 8468 "GET /cart/ HTTP/1.1" 200 15572
INFO 2025-11-01 14:36:48,229 basehttp 13176 8468 "GET / HTTP/1.1" 200 22378
INFO 2025-11-01 14:37:32,516 basehttp 13176 8468 "GET /accounts/login/ HTTP/1.1" 200 18991
